#
# There is insufficient memory for the Java Runtime Environment to continue.
# Native memory allocation (malloc) failed to allocate 1291776 bytes for Chunk::new
# Possible reasons:
#   The system is out of physical RAM or swap space
#   The process is running with CompressedOops enabled, and the Java Heap may be blocking the growth of the native heap
# Possible solutions:
#   Reduce memory load on the system
#   Increase physical memory or swap space
#   Check if swap backing store is full
#   Decrease Java heap size (-Xmx/-Xms)
#   Decrease number of Java threads
#   Decrease Java thread stack sizes (-Xss)
#   Set larger code cache with -XX:ReservedCodeCacheSize=
#   JVM is running with Unscaled Compressed Oops mode in which the Java heap is
#     placed in the first 4GB address space. The Java Heap base address is the
#     maximum limit for the native heap growth. Please use -XX:HeapBaseMinAddress
#     to set the Java Heap base and to place the Java Heap above 4GB virtual address.
# This output file may be truncated or incomplete.
#
#  Out of Memory Error (./open/src/hotspot/share/memory/arena.cpp:195), pid=23676, tid=24704
#
# JRE version: Java(TM) SE Runtime Environment (14.0.2+12) (build 14.0.2+12-46)
# Java VM: Java HotSpot(TM) 64-Bit Server VM (14.0.2+12-46, mixed mode, sharing, tiered, compressed oops, g1 gc, windows-amd64)
# No core dump will be written. Minidumps are not enabled by default on client versions of Windows
#

---------------  S U M M A R Y ------------

Command Line: --add-opens=java.base/java.util=ALL-UNNAMED --add-opens=java.base/java.lang=ALL-UNNAMED --add-opens=java.base/java.lang.invoke=ALL-UNNAMED --add-opens=java.prefs/java.util.prefs=ALL-UNNAMED -Xmx1536M -Dfile.encoding=windows-1252 -Duser.country=CO -Duser.language=es -Duser.variant org.gradle.launcher.daemon.bootstrap.GradleDaemon 6.3

Host: Intel(R) Core(TM) i5-9600K CPU @ 3.70GHz, 6 cores, 7G,  Windows 10 , 64 bit Build 19041 (10.0.19041.546)
Time: Thu Nov  5 12:14:06 2020 Hora est. Pacífico, Sudamérica elapsed time: 119 seconds (0d 0h 1m 59s)

---------------  T H R E A D  ---------------

Current thread (0x000001c37fe1c800):  JavaThread "C2 CompilerThread0" daemon [_thread_in_native, id=24704, stack(0x00000077f8700000,0x00000077f8800000)]


Current CompileTask:
C2: 119466 15803       4       org.gradle.internal.service.DefaultServiceRegistry$OwnServices$ProviderAnalyser::analyseType (114 bytes)

Stack: [0x00000077f8700000,0x00000077f8800000]
Native frames: (J=compiled Java code, j=interpreted, Vv=VM code, C=native code)
V  [jvm.dll+0x5f8a9a]
V  [jvm.dll+0x74247a]
V  [jvm.dll+0x743c2f]
V  [jvm.dll+0x744273]
V  [jvm.dll+0x20d288]
V  [jvm.dll+0xabb07]
V  [jvm.dll+0xac1fc]
V  [jvm.dll+0x31c495]
V  [jvm.dll+0x18ce00]
V  [jvm.dll+0x1e5efa]
V  [jvm.dll+0x1e50b8]
V  [jvm.dll+0x1779cc]
V  [jvm.dll+0x1f4105]
V  [jvm.dll+0x1f22eb]
V  [jvm.dll+0x7070cd]
V  [jvm.dll+0x6ffeda]
V  [jvm.dll+0x5f78f6]
C  [ucrtbase.dll+0x214c2]
C  [KERNEL32.DLL+0x17034]
C  [ntdll.dll+0x4cec1]


---------------  P R O C E S S  ---------------

Threads class SMR info:
_java_thread_list=0x000001c31e0fe450, length=50, elements={
0x000001c37644e000, 0x000001c37fdf7000, 0x000001c37fdf8000, 0x000001c37fe15000,
0x000001c37fe18000, 0x000001c37fe19000, 0x000001c37fe1c800, 0x000001c37fe23000,
0x000001c37fe24800, 0x000001c3148fa000, 0x000001c31490b000, 0x000001c315fae800,
0x000001c3156cc800, 0x000001c315ef4000, 0x000001c316117000, 0x000001c316117800,
0x000001c31611b000, 0x000001c316fad000, 0x000001c316fb4000, 0x000001c316fb8800,
0x000001c316fb3800, 0x000001c316fb5000, 0x000001c316fb7800, 0x000001c316fba000,
0x000001c316fb9000, 0x000001c3197aa800, 0x000001c3197ad000, 0x000001c3197ae000,
0x000001c3197ae800, 0x000001c3197af800, 0x000001c3203d5800, 0x000001c3203d3000,
0x000001c3203d4800, 0x000001c3203d6800, 0x000001c3203d4000, 0x000001c3203d8000,
0x000001c3203d2000, 0x000001c3203da800, 0x000001c3203dd800, 0x000001c3203dd000,
0x000001c3203de800, 0x000001c31c45c000, 0x000001c3203d9000, 0x000001c3203dc000,
0x000001c3203d9800, 0x000001c3203df800, 0x000001c3203e1000, 0x000001c3203db000,
0x000001c3203e0000, 0x000001c316fab800
}

Java Threads: ( => current thread )
  0x000001c37644e000 JavaThread "main" [_thread_blocked, id=26772, stack(0x00000077f7b00000,0x00000077f7c00000)]
  0x000001c37fdf7000 JavaThread "Reference Handler" daemon [_thread_blocked, id=25804, stack(0x00000077f8200000,0x00000077f8300000)]
  0x000001c37fdf8000 JavaThread "Finalizer" daemon [_thread_blocked, id=26368, stack(0x00000077f8300000,0x00000077f8400000)]
  0x000001c37fe15000 JavaThread "Signal Dispatcher" daemon [_thread_blocked, id=24316, stack(0x00000077f8400000,0x00000077f8500000)]
  0x000001c37fe18000 JavaThread "Attach Listener" daemon [_thread_blocked, id=16096, stack(0x00000077f8500000,0x00000077f8600000)]
  0x000001c37fe19000 JavaThread "Service Thread" daemon [_thread_blocked, id=22416, stack(0x00000077f8600000,0x00000077f8700000)]
=>0x000001c37fe1c800 JavaThread "C2 CompilerThread0" daemon [_thread_in_native, id=24704, stack(0x00000077f8700000,0x00000077f8800000)]
  0x000001c37fe23000 JavaThread "C1 CompilerThread0" daemon [_thread_blocked, id=24216, stack(0x00000077f8800000,0x00000077f8900000)]
  0x000001c37fe24800 JavaThread "Sweeper thread" daemon [_thread_blocked, id=27020, stack(0x00000077f8900000,0x00000077f8a00000)]
  0x000001c3148fa000 JavaThread "Common-Cleaner" daemon [_thread_blocked, id=26024, stack(0x00000077f8a00000,0x00000077f8b00000)]
  0x000001c31490b000 JavaThread "Notification Thread" daemon [_thread_blocked, id=24512, stack(0x00000077f8b00000,0x00000077f8c00000)]
  0x000001c315fae800 JavaThread "Daemon health stats" [_thread_blocked, id=24176, stack(0x00000077f9100000,0x00000077f9200000)]
  0x000001c3156cc800 JavaThread "Incoming local TCP Connector on port 63067" [_thread_in_native, id=25408, stack(0x00000077f9200000,0x00000077f9300000)]
  0x000001c315ef4000 JavaThread "Daemon periodic checks" [_thread_blocked, id=5748, stack(0x00000077f9300000,0x00000077f9400000)]
  0x000001c316117000 JavaThread "Cache worker for journal cache (C:\Users\andre\.gradle\caches\journal-1)" [_thread_blocked, id=23204, stack(0x00000077f9b00000,0x00000077f9c00000)]
  0x000001c316117800 JavaThread "File lock request listener" [_thread_in_native, id=11712, stack(0x00000077f9c00000,0x00000077f9d00000)]
  0x000001c31611b000 JavaThread "Cache worker for file hash cache (C:\Users\andre\.gradle\caches\6.3\fileHashes)" [_thread_blocked, id=22700, stack(0x00000077f9d00000,0x00000077f9e00000)]
  0x000001c316fad000 JavaThread "Cache worker for execution history cache (C:\Users\andre\.gradle\caches\6.3\executionHistory)" [_thread_blocked, id=9604, stack(0x00000077fa500000,0x00000077fa600000)]
  0x000001c316fb4000 JavaThread "Memory manager" [_thread_blocked, id=9272, stack(0x00000077fb000000,0x00000077fb100000)]
  0x000001c316fb8800 JavaThread "Cache worker for file content cache (C:\Users\andre\.gradle\caches\6.3\fileContent)" [_thread_blocked, id=25992, stack(0x00000077fb100000,0x00000077fb200000)]
  0x000001c316fb3800 JavaThread "RMI Scheduler(0)" daemon [_thread_blocked, id=28096, stack(0x00000077fc000000,0x00000077fc100000)]
  0x000001c316fb5000 JavaThread "RMI GC Daemon" daemon [_thread_blocked, id=22112, stack(0x00000077fc200000,0x00000077fc300000)]
  0x000001c316fb7800 JavaThread "RMI TCP Accept-0" daemon [_thread_in_native, id=28204, stack(0x00000077fc300000,0x00000077fc400000)]
  0x000001c316fba000 JavaThread "RMI Reaper" [_thread_blocked, id=28200, stack(0x00000077fc400000,0x00000077fc500000)]
  0x000001c316fb9000 JavaThread "RMI TCP Connection(idle)" daemon [_thread_blocked, id=27692, stack(0x00000077fc900000,0x00000077fca00000)]
  0x000001c3197aa800 JavaThread "RMI TCP Connection(idle)" daemon [_thread_blocked, id=22084, stack(0x00000077fca00000,0x00000077fcb00000)]
  0x000001c3197ad000 JavaThread "ForkJoinPool.commonPool-worker-5" daemon [_thread_blocked, id=27772, stack(0x00000077fcd00000,0x00000077fce00000)]
  0x000001c3197ae000 JavaThread "ForkJoinPool.commonPool-worker-7" daemon [_thread_blocked, id=25796, stack(0x00000077fce00000,0x00000077fcf00000)]
  0x000001c3197ae800 JavaThread "ForkJoinPool.commonPool-worker-9" daemon [_thread_blocked, id=27948, stack(0x00000077fcf00000,0x00000077fd000000)]
  0x000001c3197af800 JavaThread "ForkJoinPool.commonPool-worker-11" daemon [_thread_blocked, id=28248, stack(0x00000077fd000000,0x00000077fd100000)]
  0x000001c3203d5800 JavaThread "Daemon Thread 2" [_thread_blocked, id=27440, stack(0x00000077f7800000,0x00000077f7900000)]
  0x000001c3203d3000 JavaThread "Handler for socket connection from /127.0.0.1:63067 to /127.0.0.1:63430" [_thread_in_native, id=28620, stack(0x00000077f7900000,0x00000077f7a00000)]
  0x000001c3203d4800 JavaThread "Cancel handler" [_thread_blocked, id=28156, stack(0x00000077f7a00000,0x00000077f7b00000)]
  0x000001c3203d6800 JavaThread "Daemon worker Thread 2" [_thread_in_Java, id=6600, stack(0x00000077f9400000,0x00000077f9500000)]
  0x000001c3203d4000 JavaThread "Asynchronous log dispatcher for DefaultDaemonConnection: socket connection from /127.0.0.1:63067 to /127.0.0.1:63430" [_thread_blocked, id=26900, stack(0x00000077f9600000,0x00000077f9700000)]
  0x000001c3203d8000 JavaThread "Stdin handler" [_thread_blocked, id=6596, stack(0x00000077f9700000,0x00000077f9800000)]
  0x000001c3203d2000 JavaThread "Thread-69" [_thread_blocked, id=28540, stack(0x00000077f9800000,0x00000077f9900000)]
  0x000001c3203da800 JavaThread "Cache worker for checksums cache (C:\Users\andre\Documents\print_bluetooth_thermal\example\android\.gradle\checksums)" [_thread_blocked, id=28416, stack(0x00000077f9900000,0x00000077f9a00000)]
  0x000001c3203dd800 JavaThread "Cache worker for file hash cache (C:\Users\andre\Documents\print_bluetooth_thermal\example\android\.gradle\6.3\fileHashes)" [_thread_blocked, id=23584, stack(0x00000077f9a00000,0x00000077f9b00000)]
  0x000001c3203dd000 JavaThread "Cache worker for cache directory md-supplier (C:\Users\andre\.gradle\caches\6.3\md-supplier)" [_thread_blocked, id=28840, stack(0x00000077fa100000,0x00000077fa200000)]
  0x000001c3203de800 JavaThread "Cache worker for cache directory md-rule (C:\Users\andre\.gradle\caches\6.3\md-rule)" [_thread_blocked, id=26988, stack(0x00000077fa200000,0x00000077fa300000)]
  0x000001c31c45c000 JavaThread "C2 CompilerThread1" daemon [_thread_in_native, id=28852, stack(0x00000077fa300000,0x00000077fa400000)]
  0x000001c3203d9000 JavaThread "Build operations" [_thread_blocked, id=23144, stack(0x00000077fa400000,0x00000077fa500000)]
  0x000001c3203dc000 JavaThread "Build operations Thread 2" [_thread_blocked, id=28160, stack(0x00000077fa700000,0x00000077fa800000)]
  0x000001c3203d9800 JavaThread "Build operations Thread 3" [_thread_blocked, id=25924, stack(0x00000077fa800000,0x00000077fa900000)]
  0x000001c3203df800 JavaThread "Build operations Thread 4" [_thread_blocked, id=14012, stack(0x00000077fa900000,0x00000077faa00000)]
  0x000001c3203e1000 JavaThread "Build operations Thread 5" [_thread_blocked, id=28108, stack(0x00000077faa00000,0x00000077fab00000)]
  0x000001c3203db000 JavaThread "Build operations Thread 6" [_thread_blocked, id=21968, stack(0x00000077fab00000,0x00000077fac00000)]
  0x000001c3203e0000 JavaThread "pool-4-thread-1" [_thread_blocked, id=26524, stack(0x00000077fac00000,0x00000077fad00000)]
  0x000001c316fab800 JavaThread "Cache worker for Build Output Cleanup Cache (C:\Users\andre\Documents\print_bluetooth_thermal\example\android\.gradle\buildOutputCleanup)" [_thread_blocked, id=23948, stack(0x00000077fae00000,0x00000077faf00000)]

Other Threads:
  0x000001c37fdf4000 VMThread "VM Thread" [stack: 0x00000077f8100000,0x00000077f8200000] [id=24308]
  0x000001c31490f000 WatcherThread [stack: 0x00000077f8c00000,0x00000077f8d00000] [id=21776]
  0x000001c376487800 GCTaskThread "GC Thread#0" [stack: 0x00000077f7c00000,0x00000077f7d00000] [id=24064]
  0x000001c31531d800 GCTaskThread "GC Thread#1" [stack: 0x00000077f8e00000,0x00000077f8f00000] [id=26904]
  0x000001c31553f800 GCTaskThread "GC Thread#2" [stack: 0x00000077f8f00000,0x00000077f9000000] [id=25036]
  0x000001c316466800 GCTaskThread "GC Thread#3" [stack: 0x00000077f9e00000,0x00000077f9f00000] [id=11816]
  0x000001c3160ba000 GCTaskThread "GC Thread#4" [stack: 0x00000077f9f00000,0x00000077fa000000] [id=20224]
  0x000001c3163c8000 GCTaskThread "GC Thread#5" [stack: 0x00000077fa000000,0x00000077fa100000] [id=12852]
  0x000001c376495000 ConcurrentGCThread "G1 Main Marker" [stack: 0x00000077f7d00000,0x00000077f7e00000] [id=27568]
  0x000001c376497000 ConcurrentGCThread "G1 Conc#0" [stack: 0x00000077f7e00000,0x00000077f7f00000] [id=13488]
  0x000001c3170a6800 ConcurrentGCThread "G1 Conc#1" [stack: 0x00000077fa600000,0x00000077fa700000] [id=15112]
  0x000001c37652e000 ConcurrentGCThread "G1 Refine#0" [stack: 0x00000077f7f00000,0x00000077f8000000] [id=27584]
  0x000001c314f17000 ConcurrentGCThread "G1 Refine#1" [stack: 0x00000077f9000000,0x00000077f9100000] [id=25644]
  0x000001c318a7f800 ConcurrentGCThread "G1 Refine#2" [stack: 0x00000077fad00000,0x00000077fae00000] [id=17764]
  0x000001c31552f800 ConcurrentGCThread "G1 Refine#3" [stack: 0x00000077fbe00000,0x00000077fbf00000] [id=27052]
  0x000001c31c205000 ConcurrentGCThread "G1 Refine#4" [stack: 0x00000077fbf00000,0x00000077fc000000] [id=23484]
  0x000001c37fc71800 ConcurrentGCThread "G1 Young RemSet Sampling" [stack: 0x00000077f8000000,0x00000077f8100000] [id=1180]

Threads with active compile tasks:
C2 CompilerThread0   119497 15803       4       org.gradle.internal.service.DefaultServiceRegistry$OwnServices$ProviderAnalyser::analyseType (114 bytes)
C2 CompilerThread1   119497 15848       4       java.util.HashMap::computeIfAbsent (330 bytes)

VM state:not at safepoint (normal execution)

VM Mutex/Monitor currently owned by a thread: None

Heap address: 0x00000000a0000000, size: 1536 MB, Compressed Oops mode: 32-bit
Narrow klass base: 0x0000000800000000, Narrow klass shift: 3
Compressed class space size: 1073741824 Address: 0x0000000800b30000

Heap:
 garbage-first heap   total 309248K, used 303322K [0x00000000a0000000, 0x0000000100000000)
  region size 1024K, 50 young (51200K), 2 survivors (2048K)
 Metaspace       used 92742K, capacity 95871K, committed 96076K, reserved 1132544K
  class space    used 12268K, capacity 13354K, committed 13388K, reserved 1048576K
Heap Regions: E=young(eden), S=young(survivor), O=old, HS=humongous(starts), HC=humongous(continues), CS=collection set, F=free, OA=open archive, CA=closed archive, TAMS=top-at-mark-start (previous, next)
|   0|0x00000000a0000000, 0x00000000a0100000, 0x00000000a0100000|100%| O|  |TAMS 0x00000000a0100000, 0x00000000a0000000| Untracked 
|   1|0x00000000a0100000, 0x00000000a0200000, 0x00000000a0200000|100%| O|  |TAMS 0x00000000a0200000, 0x00000000a0100000| Untracked 
|   2|0x00000000a0200000, 0x00000000a0300000, 0x00000000a0300000|100%| O|  |TAMS 0x00000000a0300000, 0x00000000a0200000| Complete 
|   3|0x00000000a0300000, 0x00000000a0400000, 0x00000000a0400000|100%|HS|  |TAMS 0x00000000a0400000, 0x00000000a0300000| Complete 
|   4|0x00000000a0400000, 0x00000000a0500000, 0x00000000a0500000|100%|HC|  |TAMS 0x00000000a0500000, 0x00000000a0400000| Complete 
|   5|0x00000000a0500000, 0x00000000a0600000, 0x00000000a0600000|100%|HC|  |TAMS 0x00000000a0600000, 0x00000000a0500000| Complete 
|   6|0x00000000a0600000, 0x00000000a0700000, 0x00000000a0700000|100%| O|  |TAMS 0x00000000a0700000, 0x00000000a0600000| Untracked 
|   7|0x00000000a0700000, 0x00000000a0800000, 0x00000000a0800000|100%| O|  |TAMS 0x00000000a0800000, 0x00000000a0700000| Untracked 
|   8|0x00000000a0800000, 0x00000000a0900000, 0x00000000a0900000|100%| O|  |TAMS 0x00000000a0900000, 0x00000000a0800000| Untracked 
|   9|0x00000000a0900000, 0x00000000a0a00000, 0x00000000a0a00000|100%| O|  |TAMS 0x00000000a0a00000, 0x00000000a0900000| Complete 
|  10|0x00000000a0a00000, 0x00000000a0b00000, 0x00000000a0b00000|100%| O|  |TAMS 0x00000000a0b00000, 0x00000000a0a00000| Untracked 
|  11|0x00000000a0b00000, 0x00000000a0c00000, 0x00000000a0c00000|100%| O|  |TAMS 0x00000000a0c00000, 0x00000000a0b00000| Untracked 
|  12|0x00000000a0c00000, 0x00000000a0d00000, 0x00000000a0d00000|100%| O|  |TAMS 0x00000000a0d00000, 0x00000000a0c00000| Untracked 
|  13|0x00000000a0d00000, 0x00000000a0e00000, 0x00000000a0e00000|100%| O|  |TAMS 0x00000000a0e00000, 0x00000000a0d00000| Untracked 
|  14|0x00000000a0e00000, 0x00000000a0f00000, 0x00000000a0f00000|100%| O|  |TAMS 0x00000000a0f00000, 0x00000000a0e00000| Untracked 
|  15|0x00000000a0f00000, 0x00000000a1000000, 0x00000000a1000000|100%| O|  |TAMS 0x00000000a1000000, 0x00000000a0f00000| Untracked 
|  16|0x00000000a1000000, 0x00000000a1100000, 0x00000000a1100000|100%| O|  |TAMS 0x00000000a1100000, 0x00000000a1000000| Complete 
|  17|0x00000000a1100000, 0x00000000a1200000, 0x00000000a1200000|100%| O|  |TAMS 0x00000000a1200000, 0x00000000a1100000| Untracked 
|  18|0x00000000a1200000, 0x00000000a1300000, 0x00000000a1300000|100%| O|  |TAMS 0x00000000a1300000, 0x00000000a1200000| Untracked 
|  19|0x00000000a1300000, 0x00000000a1400000, 0x00000000a1400000|100%| O|  |TAMS 0x00000000a1400000, 0x00000000a1300000| Untracked 
|  20|0x00000000a1400000, 0x00000000a1500000, 0x00000000a1500000|100%| O|  |TAMS 0x00000000a1500000, 0x00000000a1400000| Untracked 
|  21|0x00000000a1500000, 0x00000000a1600000, 0x00000000a1600000|100%| O|  |TAMS 0x00000000a1600000, 0x00000000a1500000| Untracked 
|  22|0x00000000a1600000, 0x00000000a1700000, 0x00000000a1700000|100%|HS|  |TAMS 0x00000000a1700000, 0x00000000a1600000| Complete 
|  23|0x00000000a1700000, 0x00000000a1800000, 0x00000000a1800000|100%|HC|  |TAMS 0x00000000a1800000, 0x00000000a1700000| Complete 
|  24|0x00000000a1800000, 0x00000000a1900000, 0x00000000a1900000|100%|HC|  |TAMS 0x00000000a1900000, 0x00000000a1800000| Complete 
|  25|0x00000000a1900000, 0x00000000a1a00000, 0x00000000a1a00000|100%| O|  |TAMS 0x00000000a1a00000, 0x00000000a1900000| Untracked 
|  26|0x00000000a1a00000, 0x00000000a1b00000, 0x00000000a1b00000|100%| O|  |TAMS 0x00000000a1b00000, 0x00000000a1a00000| Complete 
|  27|0x00000000a1b00000, 0x00000000a1c00000, 0x00000000a1c00000|100%| O|  |TAMS 0x00000000a1c00000, 0x00000000a1b00000| Complete 
|  28|0x00000000a1c00000, 0x00000000a1d00000, 0x00000000a1d00000|100%| O|  |TAMS 0x00000000a1d00000, 0x00000000a1c00000| Complete 
|  29|0x00000000a1d00000, 0x00000000a1e00000, 0x00000000a1e00000|100%| O|  |TAMS 0x00000000a1e00000, 0x00000000a1d00000| Complete 
|  30|0x00000000a1e00000, 0x00000000a1f00000, 0x00000000a1f00000|100%|HS|  |TAMS 0x00000000a1f00000, 0x00000000a1e00000| Complete 
|  31|0x00000000a1f00000, 0x00000000a2000000, 0x00000000a2000000|100%|HC|  |TAMS 0x00000000a2000000, 0x00000000a1f00000| Complete 
|  32|0x00000000a2000000, 0x00000000a2100000, 0x00000000a2100000|100%| O|  |TAMS 0x00000000a2100000, 0x00000000a2000000| Untracked 
|  33|0x00000000a2100000, 0x00000000a2200000, 0x00000000a2200000|100%| O|  |TAMS 0x00000000a2200000, 0x00000000a2100000| Complete 
|  34|0x00000000a2200000, 0x00000000a2300000, 0x00000000a2300000|100%| O|  |TAMS 0x00000000a2300000, 0x00000000a2200000| Untracked 
|  35|0x00000000a2300000, 0x00000000a2400000, 0x00000000a2400000|100%| O|  |TAMS 0x00000000a2400000, 0x00000000a2300000| Untracked 
|  36|0x00000000a2400000, 0x00000000a2500000, 0x00000000a2500000|100%| O|  |TAMS 0x00000000a2500000, 0x00000000a2400000| Complete 
|  37|0x00000000a2500000, 0x00000000a2600000, 0x00000000a2600000|100%| O|  |TAMS 0x00000000a2600000, 0x00000000a2500000| Untracked 
|  38|0x00000000a2600000, 0x00000000a2700000, 0x00000000a2700000|100%| O|  |TAMS 0x00000000a2700000, 0x00000000a2600000| Untracked 
|  39|0x00000000a2700000, 0x00000000a2800000, 0x00000000a2800000|100%| O|  |TAMS 0x00000000a2800000, 0x00000000a2700000| Complete 
|  40|0x00000000a2800000, 0x00000000a2900000, 0x00000000a2900000|100%| O|  |TAMS 0x00000000a2900000, 0x00000000a2800000| Untracked 
|  41|0x00000000a2900000, 0x00000000a2a00000, 0x00000000a2a00000|100%| O|  |TAMS 0x00000000a2a00000, 0x00000000a2900000| Complete 
|  42|0x00000000a2a00000, 0x00000000a2b00000, 0x00000000a2b00000|100%| O|  |TAMS 0x00000000a2b00000, 0x00000000a2a00000| Complete 
|  43|0x00000000a2b00000, 0x00000000a2c00000, 0x00000000a2c00000|100%| O|  |TAMS 0x00000000a2c00000, 0x00000000a2b00000| Complete 
|  44|0x00000000a2c00000, 0x00000000a2d00000, 0x00000000a2d00000|100%| O|  |TAMS 0x00000000a2d00000, 0x00000000a2c00000| Untracked 
|  45|0x00000000a2d00000, 0x00000000a2e00000, 0x00000000a2e00000|100%| O|  |TAMS 0x00000000a2e00000, 0x00000000a2d00000| Untracked 
|  46|0x00000000a2e00000, 0x00000000a2f00000, 0x00000000a2f00000|100%| O|  |TAMS 0x00000000a2f00000, 0x00000000a2e00000| Untracked 
|  47|0x00000000a2f00000, 0x00000000a3000000, 0x00000000a3000000|100%| O|  |TAMS 0x00000000a3000000, 0x00000000a2f00000| Complete 
|  48|0x00000000a3000000, 0x00000000a3100000, 0x00000000a3100000|100%| O|  |TAMS 0x00000000a3100000, 0x00000000a3000000| Complete 
|  49|0x00000000a3100000, 0x00000000a3200000, 0x00000000a3200000|100%| O|  |TAMS 0x00000000a3200000, 0x00000000a3100000| Complete 
|  50|0x00000000a3200000, 0x00000000a3300000, 0x00000000a3300000|100%| O|  |TAMS 0x00000000a3300000, 0x00000000a3200000| Complete 
|  51|0x00000000a3300000, 0x00000000a3400000, 0x00000000a3400000|100%| O|  |TAMS 0x00000000a3400000, 0x00000000a3300000| Complete 
|  52|0x00000000a3400000, 0x00000000a3500000, 0x00000000a3500000|100%| O|  |TAMS 0x00000000a3500000, 0x00000000a3400000| Complete 
|  53|0x00000000a3500000, 0x00000000a3600000, 0x00000000a3600000|100%| O|  |TAMS 0x00000000a3600000, 0x00000000a3500000| Complete 
|  54|0x00000000a3600000, 0x00000000a3700000, 0x00000000a3700000|100%| O|  |TAMS 0x00000000a3700000, 0x00000000a3600000| Complete 
|  55|0x00000000a3700000, 0x00000000a3800000, 0x00000000a3800000|100%| O|  |TAMS 0x00000000a3800000, 0x00000000a3700000| Untracked 
|  56|0x00000000a3800000, 0x00000000a3900000, 0x00000000a3900000|100%| O|  |TAMS 0x00000000a3900000, 0x00000000a3800000| Untracked 
|  57|0x00000000a3900000, 0x00000000a3a00000, 0x00000000a3a00000|100%| O|  |TAMS 0x00000000a3a00000, 0x00000000a3900000| Untracked 
|  58|0x00000000a3a00000, 0x00000000a3b00000, 0x00000000a3b00000|100%| O|  |TAMS 0x00000000a3b00000, 0x00000000a3a00000| Complete 
|  59|0x00000000a3b00000, 0x00000000a3c00000, 0x00000000a3c00000|100%| O|  |TAMS 0x00000000a3c00000, 0x00000000a3b00000| Untracked 
|  60|0x00000000a3c00000, 0x00000000a3d00000, 0x00000000a3d00000|100%| O|  |TAMS 0x00000000a3d00000, 0x00000000a3c00000| Untracked 
|  61|0x00000000a3d00000, 0x00000000a3e00000, 0x00000000a3e00000|100%| O|  |TAMS 0x00000000a3e00000, 0x00000000a3d00000| Complete 
|  62|0x00000000a3e00000, 0x00000000a3f00000, 0x00000000a3f00000|100%| O|  |TAMS 0x00000000a3f00000, 0x00000000a3e00000| Complete 
|  63|0x00000000a3f00000, 0x00000000a4000000, 0x00000000a4000000|100%| O|  |TAMS 0x00000000a4000000, 0x00000000a3f00000| Complete 
|  64|0x00000000a4000000, 0x00000000a4100000, 0x00000000a4100000|100%| O|  |TAMS 0x00000000a4100000, 0x00000000a4000000| Untracked 
|  65|0x00000000a4100000, 0x00000000a4200000, 0x00000000a4200000|100%| O|  |TAMS 0x00000000a4200000, 0x00000000a4100000| Complete 
|  66|0x00000000a4200000, 0x00000000a4300000, 0x00000000a4300000|100%|HS|  |TAMS 0x00000000a4300000, 0x00000000a4200000| Complete 
|  67|0x00000000a4300000, 0x00000000a4400000, 0x00000000a4400000|100%|HC|  |TAMS 0x00000000a4400000, 0x00000000a4300000| Complete 
|  68|0x00000000a4400000, 0x00000000a4500000, 0x00000000a4500000|100%|HC|  |TAMS 0x00000000a4500000, 0x00000000a4400000| Complete 
|  69|0x00000000a4500000, 0x00000000a4600000, 0x00000000a4600000|100%|HC|  |TAMS 0x00000000a4600000, 0x00000000a4500000| Complete 
|  70|0x00000000a4600000, 0x00000000a4700000, 0x00000000a4700000|100%|HC|  |TAMS 0x00000000a4700000, 0x00000000a4600000| Complete 
|  71|0x00000000a4700000, 0x00000000a4800000, 0x00000000a4800000|100%| O|  |TAMS 0x00000000a4800000, 0x00000000a4700000| Untracked 
|  72|0x00000000a4800000, 0x00000000a4900000, 0x00000000a4900000|100%| O|  |TAMS 0x00000000a4900000, 0x00000000a4800000| Complete 
|  73|0x00000000a4900000, 0x00000000a4a00000, 0x00000000a4a00000|100%| O|  |TAMS 0x00000000a4a00000, 0x00000000a4900000| Untracked 
|  74|0x00000000a4a00000, 0x00000000a4b00000, 0x00000000a4b00000|100%| O|  |TAMS 0x00000000a4b00000, 0x00000000a4a00000| Untracked 
|  75|0x00000000a4b00000, 0x00000000a4c00000, 0x00000000a4c00000|100%| O|  |TAMS 0x00000000a4c00000, 0x00000000a4b00000| Complete 
|  76|0x00000000a4c00000, 0x00000000a4d00000, 0x00000000a4d00000|100%| O|  |TAMS 0x00000000a4d00000, 0x00000000a4c00000| Untracked 
|  77|0x00000000a4d00000, 0x00000000a4e00000, 0x00000000a4e00000|100%| O|  |TAMS 0x00000000a4e00000, 0x00000000a4d00000| Complete 
|  78|0x00000000a4e00000, 0x00000000a4f00000, 0x00000000a4f00000|100%| O|  |TAMS 0x00000000a4f00000, 0x00000000a4e00000| Complete 
|  79|0x00000000a4f00000, 0x00000000a5000000, 0x00000000a5000000|100%| O|  |TAMS 0x00000000a5000000, 0x00000000a4f00000| Untracked 
|  80|0x00000000a5000000, 0x00000000a5100000, 0x00000000a5100000|100%| O|  |TAMS 0x00000000a5100000, 0x00000000a5000000| Untracked 
|  81|0x00000000a5100000, 0x00000000a5200000, 0x00000000a5200000|100%| O|  |TAMS 0x00000000a5200000, 0x00000000a5100000| Untracked 
|  82|0x00000000a5200000, 0x00000000a5300000, 0x00000000a5300000|100%| O|  |TAMS 0x00000000a5300000, 0x00000000a5200000| Complete 
|  83|0x00000000a5300000, 0x00000000a5400000, 0x00000000a5400000|100%| O|  |TAMS 0x00000000a5400000, 0x00000000a5300000| Untracked 
|  84|0x00000000a5400000, 0x00000000a5500000, 0x00000000a5500000|100%| O|  |TAMS 0x00000000a5500000, 0x00000000a5400000| Untracked 
|  85|0x00000000a5500000, 0x00000000a5600000, 0x00000000a5600000|100%| O|  |TAMS 0x00000000a5600000, 0x00000000a5500000| Untracked 
|  86|0x00000000a5600000, 0x00000000a5700000, 0x00000000a5700000|100%| O|  |TAMS 0x00000000a5700000, 0x00000000a5600000| Untracked 
|  87|0x00000000a5700000, 0x00000000a5800000, 0x00000000a5800000|100%| O|  |TAMS 0x00000000a5800000, 0x00000000a5700000| Complete 
|  88|0x00000000a5800000, 0x00000000a5900000, 0x00000000a5900000|100%| O|  |TAMS 0x00000000a5900000, 0x00000000a5800000| Complete 
|  89|0x00000000a5900000, 0x00000000a5a00000, 0x00000000a5a00000|100%| O|  |TAMS 0x00000000a5a00000, 0x00000000a5900000| Untracked 
|  90|0x00000000a5a00000, 0x00000000a5b00000, 0x00000000a5b00000|100%| O|  |TAMS 0x00000000a5b00000, 0x00000000a5a00000| Untracked 
|  91|0x00000000a5b00000, 0x00000000a5c00000, 0x00000000a5c00000|100%| O|  |TAMS 0x00000000a5c00000, 0x00000000a5b00000| Untracked 
|  92|0x00000000a5c00000, 0x00000000a5d00000, 0x00000000a5d00000|100%| O|  |TAMS 0x00000000a5d00000, 0x00000000a5c00000| Complete 
|  93|0x00000000a5d00000, 0x00000000a5e00000, 0x00000000a5e00000|100%| O|  |TAMS 0x00000000a5e00000, 0x00000000a5d00000| Complete 
|  94|0x00000000a5e00000, 0x00000000a5f00000, 0x00000000a5f00000|100%| O|  |TAMS 0x00000000a5f00000, 0x00000000a5e00000| Untracked 
|  95|0x00000000a5f00000, 0x00000000a6000000, 0x00000000a6000000|100%| O|  |TAMS 0x00000000a6000000, 0x00000000a5f00000| Untracked 
|  96|0x00000000a6000000, 0x00000000a6100000, 0x00000000a6100000|100%| O|  |TAMS 0x00000000a6100000, 0x00000000a6000000| Untracked 
|  97|0x00000000a6100000, 0x00000000a6200000, 0x00000000a6200000|100%| O|  |TAMS 0x00000000a6200000, 0x00000000a6100000| Untracked 
|  98|0x00000000a6200000, 0x00000000a6300000, 0x00000000a6300000|100%| O|  |TAMS 0x00000000a6300000, 0x00000000a6200000| Untracked 
|  99|0x00000000a6300000, 0x00000000a6400000, 0x00000000a6400000|100%| O|  |TAMS 0x00000000a6400000, 0x00000000a6300000| Complete 
| 100|0x00000000a6400000, 0x00000000a6500000, 0x00000000a6500000|100%| O|  |TAMS 0x00000000a6500000, 0x00000000a6400000| Untracked 
| 101|0x00000000a6500000, 0x00000000a6600000, 0x00000000a6600000|100%| O|  |TAMS 0x00000000a6600000, 0x00000000a6500000| Untracked 
| 102|0x00000000a6600000, 0x00000000a6700000, 0x00000000a6700000|100%| O|  |TAMS 0x00000000a6700000, 0x00000000a6600000| Untracked 
| 103|0x00000000a6700000, 0x00000000a6800000, 0x00000000a6800000|100%| O|  |TAMS 0x00000000a6800000, 0x00000000a6700000| Untracked 
| 104|0x00000000a6800000, 0x00000000a6900000, 0x00000000a6900000|100%| O|  |TAMS 0x00000000a6900000, 0x00000000a6800000| Complete 
| 105|0x00000000a6900000, 0x00000000a6a00000, 0x00000000a6a00000|100%| O|  |TAMS 0x00000000a6a00000, 0x00000000a6900000| Untracked 
| 106|0x00000000a6a00000, 0x00000000a6b00000, 0x00000000a6b00000|100%| O|  |TAMS 0x00000000a6b00000, 0x00000000a6a00000| Untracked 
| 107|0x00000000a6b00000, 0x00000000a6c00000, 0x00000000a6c00000|100%| O|  |TAMS 0x00000000a6c00000, 0x00000000a6b00000| Complete 
| 108|0x00000000a6c00000, 0x00000000a6d00000, 0x00000000a6d00000|100%| O|  |TAMS 0x00000000a6d00000, 0x00000000a6c00000| Untracked 
| 109|0x00000000a6d00000, 0x00000000a6e00000, 0x00000000a6e00000|100%| O|  |TAMS 0x00000000a6e00000, 0x00000000a6d00000| Complete 
| 110|0x00000000a6e00000, 0x00000000a6f00000, 0x00000000a6f00000|100%| O|  |TAMS 0x00000000a6f00000, 0x00000000a6e00000| Untracked 
| 111|0x00000000a6f00000, 0x00000000a7000000, 0x00000000a7000000|100%| O|  |TAMS 0x00000000a7000000, 0x00000000a6f00000| Untracked 
| 112|0x00000000a7000000, 0x00000000a7100000, 0x00000000a7100000|100%| O|  |TAMS 0x00000000a7100000, 0x00000000a7000000| Untracked 
| 113|0x00000000a7100000, 0x00000000a7200000, 0x00000000a7200000|100%| O|  |TAMS 0x00000000a7200000, 0x00000000a7100000| Untracked 
| 114|0x00000000a7200000, 0x00000000a7300000, 0x00000000a7300000|100%| O|  |TAMS 0x00000000a7300000, 0x00000000a7200000| Complete 
| 115|0x00000000a7300000, 0x00000000a7400000, 0x00000000a7400000|100%| O|  |TAMS 0x00000000a7400000, 0x00000000a7300000| Untracked 
| 116|0x00000000a7400000, 0x00000000a7500000, 0x00000000a7500000|100%| O|  |TAMS 0x00000000a7500000, 0x00000000a7400000| Complete 
| 117|0x00000000a7500000, 0x00000000a7600000, 0x00000000a7600000|100%| O|  |TAMS 0x00000000a7600000, 0x00000000a7500000| Untracked 
| 118|0x00000000a7600000, 0x00000000a7700000, 0x00000000a7700000|100%| O|  |TAMS 0x00000000a7700000, 0x00000000a7600000| Untracked 
| 119|0x00000000a7700000, 0x00000000a7800000, 0x00000000a7800000|100%| O|  |TAMS 0x00000000a7800000, 0x00000000a7700000| Untracked 
| 120|0x00000000a7800000, 0x00000000a7900000, 0x00000000a7900000|100%| O|  |TAMS 0x00000000a7900000, 0x00000000a7800000| Untracked 
| 121|0x00000000a7900000, 0x00000000a7a00000, 0x00000000a7a00000|100%| O|  |TAMS 0x00000000a7a00000, 0x00000000a7900000| Untracked 
| 122|0x00000000a7a00000, 0x00000000a7b00000, 0x00000000a7b00000|100%| O|  |TAMS 0x00000000a7b00000, 0x00000000a7a00000| Untracked 
| 123|0x00000000a7b00000, 0x00000000a7c00000, 0x00000000a7c00000|100%| O|  |TAMS 0x00000000a7c00000, 0x00000000a7b00000| Untracked 
| 124|0x00000000a7c00000, 0x00000000a7d00000, 0x00000000a7d00000|100%| O|  |TAMS 0x00000000a7d00000, 0x00000000a7c00000| Untracked 
| 125|0x00000000a7d00000, 0x00000000a7e00000, 0x00000000a7e00000|100%| O|  |TAMS 0x00000000a7e00000, 0x00000000a7d00000| Untracked 
| 126|0x00000000a7e00000, 0x00000000a7f00000, 0x00000000a7f00000|100%| O|  |TAMS 0x00000000a7f00000, 0x00000000a7e00000| Untracked 
| 127|0x00000000a7f00000, 0x00000000a8000000, 0x00000000a8000000|100%| O|  |TAMS 0x00000000a8000000, 0x00000000a7f00000| Untracked 
| 128|0x00000000a8000000, 0x00000000a8100000, 0x00000000a8100000|100%| O|  |TAMS 0x00000000a8100000, 0x00000000a8000000| Untracked 
| 129|0x00000000a8100000, 0x00000000a8200000, 0x00000000a8200000|100%| O|  |TAMS 0x00000000a8200000, 0x00000000a8100000| Untracked 
| 130|0x00000000a8200000, 0x00000000a8300000, 0x00000000a8300000|100%| O|  |TAMS 0x00000000a8300000, 0x00000000a8200000| Untracked 
| 131|0x00000000a8300000, 0x00000000a8400000, 0x00000000a8400000|100%|HS|  |TAMS 0x00000000a8400000, 0x00000000a8300000| Complete 
| 132|0x00000000a8400000, 0x00000000a8500000, 0x00000000a8500000|100%|HS|  |TAMS 0x00000000a8500000, 0x00000000a8400000| Complete 
| 133|0x00000000a8500000, 0x00000000a8600000, 0x00000000a8600000|100%|HS|  |TAMS 0x00000000a8600000, 0x00000000a8500000| Complete 
| 134|0x00000000a8600000, 0x00000000a8700000, 0x00000000a8700000|100%|HS|  |TAMS 0x00000000a8700000, 0x00000000a8600000| Complete 
| 135|0x00000000a8700000, 0x00000000a8800000, 0x00000000a8800000|100%| O|  |TAMS 0x00000000a8800000, 0x00000000a8700000| Complete 
| 136|0x00000000a8800000, 0x00000000a8900000, 0x00000000a8900000|100%| O|  |TAMS 0x00000000a8900000, 0x00000000a8800000| Complete 
| 137|0x00000000a8900000, 0x00000000a8a00000, 0x00000000a8a00000|100%|HS|  |TAMS 0x00000000a8a00000, 0x00000000a8900000| Complete 
| 138|0x00000000a8a00000, 0x00000000a8b00000, 0x00000000a8b00000|100%| O|  |TAMS 0x00000000a8b00000, 0x00000000a8a00000| Complete 
| 139|0x00000000a8b00000, 0x00000000a8c00000, 0x00000000a8c00000|100%| O|  |TAMS 0x00000000a8c00000, 0x00000000a8b00000| Complete 
| 140|0x00000000a8c00000, 0x00000000a8d00000, 0x00000000a8d00000|100%| O|  |TAMS 0x00000000a8d00000, 0x00000000a8c00000| Complete 
| 141|0x00000000a8d00000, 0x00000000a8e00000, 0x00000000a8e00000|100%| O|  |TAMS 0x00000000a8e00000, 0x00000000a8d00000| Complete 
| 142|0x00000000a8e00000, 0x00000000a8f00000, 0x00000000a8f00000|100%| O|  |TAMS 0x00000000a8f00000, 0x00000000a8e00000| Complete 
| 143|0x00000000a8f00000, 0x00000000a9000000, 0x00000000a9000000|100%| O|  |TAMS 0x00000000a9000000, 0x00000000a8f00000| Complete 
| 144|0x00000000a9000000, 0x00000000a9100000, 0x00000000a9100000|100%|HS|  |TAMS 0x00000000a9000000, 0x00000000a9000000| Complete 
| 145|0x00000000a9100000, 0x00000000a9200000, 0x00000000a9200000|100%| O|  |TAMS 0x00000000a9200000, 0x00000000a9100000| Complete 
| 146|0x00000000a9200000, 0x00000000a9300000, 0x00000000a9300000|100%|HS|  |TAMS 0x00000000a9300000, 0x00000000a9200000| Complete 
| 147|0x00000000a9300000, 0x00000000a9400000, 0x00000000a9400000|100%|HC|  |TAMS 0x00000000a9400000, 0x00000000a9300000| Complete 
| 148|0x00000000a9400000, 0x00000000a9500000, 0x00000000a9500000|100%|HC|  |TAMS 0x00000000a9500000, 0x00000000a9400000| Complete 
| 149|0x00000000a9500000, 0x00000000a9600000, 0x00000000a9600000|100%|HC|  |TAMS 0x00000000a9600000, 0x00000000a9500000| Complete 
| 150|0x00000000a9600000, 0x00000000a9700000, 0x00000000a9700000|100%|HC|  |TAMS 0x00000000a9700000, 0x00000000a9600000| Complete 
| 151|0x00000000a9700000, 0x00000000a9800000, 0x00000000a9800000|100%| O|  |TAMS 0x00000000a9800000, 0x00000000a9700000| Complete 
| 152|0x00000000a9800000, 0x00000000a98f0200, 0x00000000a9900000| 93%| O|  |TAMS 0x00000000a98f0200, 0x00000000a9800000| Untracked 
| 153|0x00000000a9900000, 0x00000000a9a00000, 0x00000000a9a00000|100%|HS|  |TAMS 0x00000000a9900000, 0x00000000a9900000| Complete 
| 154|0x00000000a9a00000, 0x00000000a9b00000, 0x00000000a9b00000|100%|HC|  |TAMS 0x00000000a9a00000, 0x00000000a9a00000| Complete 
| 155|0x00000000a9b00000, 0x00000000a9c00000, 0x00000000a9c00000|100%|HC|  |TAMS 0x00000000a9b00000, 0x00000000a9b00000| Complete 
| 156|0x00000000a9c00000, 0x00000000a9d00000, 0x00000000a9d00000|100%|HC|  |TAMS 0x00000000a9c00000, 0x00000000a9c00000| Complete 
| 157|0x00000000a9d00000, 0x00000000a9e00000, 0x00000000a9e00000|100%|HC|  |TAMS 0x00000000a9d00000, 0x00000000a9d00000| Complete 
| 158|0x00000000a9e00000, 0x00000000a9f00000, 0x00000000a9f00000|100%|HC|  |TAMS 0x00000000a9e00000, 0x00000000a9e00000| Complete 
| 159|0x00000000a9f00000, 0x00000000aa000000, 0x00000000aa000000|100%|HC|  |TAMS 0x00000000a9f00000, 0x00000000a9f00000| Complete 
| 160|0x00000000aa000000, 0x00000000aa100000, 0x00000000aa100000|100%|HC|  |TAMS 0x00000000aa000000, 0x00000000aa000000| Complete 
| 161|0x00000000aa100000, 0x00000000aa200000, 0x00000000aa200000|100%|HC|  |TAMS 0x00000000aa100000, 0x00000000aa100000| Complete 
| 162|0x00000000aa200000, 0x00000000aa300000, 0x00000000aa300000|100%|HS|  |TAMS 0x00000000aa200000, 0x00000000aa200000| Complete 
| 163|0x00000000aa300000, 0x00000000aa400000, 0x00000000aa400000|100%|HC|  |TAMS 0x00000000aa300000, 0x00000000aa300000| Complete 
| 164|0x00000000aa400000, 0x00000000aa500000, 0x00000000aa500000|100%|HS|  |TAMS 0x00000000aa400000, 0x00000000aa400000| Complete 
| 165|0x00000000aa500000, 0x00000000aa600000, 0x00000000aa600000|100%|HC|  |TAMS 0x00000000aa500000, 0x00000000aa500000| Complete 
| 166|0x00000000aa600000, 0x00000000aa700000, 0x00000000aa700000|100%|HC|  |TAMS 0x00000000aa600000, 0x00000000aa600000| Complete 
| 167|0x00000000aa700000, 0x00000000aa800000, 0x00000000aa800000|100%|HS|  |TAMS 0x00000000aa700000, 0x00000000aa700000| Complete 
| 168|0x00000000aa800000, 0x00000000aa900000, 0x00000000aa900000|100%|HC|  |TAMS 0x00000000aa800000, 0x00000000aa800000| Complete 
| 169|0x00000000aa900000, 0x00000000aaa00000, 0x00000000aaa00000|100%|HC|  |TAMS 0x00000000aa900000, 0x00000000aa900000| Complete 
| 170|0x00000000aaa00000, 0x00000000aab00000, 0x00000000aab00000|100%|HC|  |TAMS 0x00000000aaa00000, 0x00000000aaa00000| Complete 
| 171|0x00000000aab00000, 0x00000000aac00000, 0x00000000aac00000|100%|HC|  |TAMS 0x00000000aab00000, 0x00000000aab00000| Complete 
| 172|0x00000000aac00000, 0x00000000aad00000, 0x00000000aad00000|100%|HS|  |TAMS 0x00000000aac00000, 0x00000000aac00000| Complete 
| 173|0x00000000aad00000, 0x00000000aae00000, 0x00000000aae00000|100%|HC|  |TAMS 0x00000000aad00000, 0x00000000aad00000| Complete 
| 174|0x00000000aae00000, 0x00000000aaf00000, 0x00000000aaf00000|100%|HC|  |TAMS 0x00000000aae00000, 0x00000000aae00000| Complete 
| 175|0x00000000aaf00000, 0x00000000ab000000, 0x00000000ab000000|100%|HC|  |TAMS 0x00000000aaf00000, 0x00000000aaf00000| Complete 
| 176|0x00000000ab000000, 0x00000000ab100000, 0x00000000ab100000|100%|HC|  |TAMS 0x00000000ab000000, 0x00000000ab000000| Complete 
| 177|0x00000000ab100000, 0x00000000ab200000, 0x00000000ab200000|100%|HS|  |TAMS 0x00000000ab100000, 0x00000000ab100000| Complete 
| 178|0x00000000ab200000, 0x00000000ab300000, 0x00000000ab300000|100%|HS|  |TAMS 0x00000000ab200000, 0x00000000ab200000| Complete 
| 179|0x00000000ab300000, 0x00000000ab400000, 0x00000000ab400000|100%|HC|  |TAMS 0x00000000ab300000, 0x00000000ab300000| Complete 
| 180|0x00000000ab400000, 0x00000000ab500000, 0x00000000ab500000|100%|HS|  |TAMS 0x00000000ab400000, 0x00000000ab400000| Complete 
| 181|0x00000000ab500000, 0x00000000ab600000, 0x00000000ab600000|100%|HC|  |TAMS 0x00000000ab500000, 0x00000000ab500000| Complete 
| 182|0x00000000ab600000, 0x00000000ab700000, 0x00000000ab700000|100%|HC|  |TAMS 0x00000000ab600000, 0x00000000ab600000| Complete 
| 183|0x00000000ab700000, 0x00000000ab800000, 0x00000000ab800000|100%|HS|  |TAMS 0x00000000ab700000, 0x00000000ab700000| Complete 
| 184|0x00000000ab800000, 0x00000000ab900000, 0x00000000ab900000|100%|HC|  |TAMS 0x00000000ab800000, 0x00000000ab800000| Complete 
| 185|0x00000000ab900000, 0x00000000aba00000, 0x00000000aba00000|100%|HS|  |TAMS 0x00000000ab900000, 0x00000000ab900000| Complete 
| 186|0x00000000aba00000, 0x00000000abb00000, 0x00000000abb00000|100%|HS|  |TAMS 0x00000000aba00000, 0x00000000aba00000| Complete 
| 187|0x00000000abb00000, 0x00000000abc00000, 0x00000000abc00000|100%|HC|  |TAMS 0x00000000abb00000, 0x00000000abb00000| Complete 
| 188|0x00000000abc00000, 0x00000000abd00000, 0x00000000abd00000|100%|HS|  |TAMS 0x00000000abc00000, 0x00000000abc00000| Complete 
| 189|0x00000000abd00000, 0x00000000abe00000, 0x00000000abe00000|100%|HC|  |TAMS 0x00000000abd00000, 0x00000000abd00000| Complete 
| 190|0x00000000abe00000, 0x00000000abf00000, 0x00000000abf00000|100%|HC|  |TAMS 0x00000000abe00000, 0x00000000abe00000| Complete 
| 191|0x00000000abf00000, 0x00000000ac000000, 0x00000000ac000000|100%|HS|  |TAMS 0x00000000abf00000, 0x00000000abf00000| Complete 
| 192|0x00000000ac000000, 0x00000000ac100000, 0x00000000ac100000|100%|HC|  |TAMS 0x00000000ac000000, 0x00000000ac000000| Complete 
| 193|0x00000000ac100000, 0x00000000ac200000, 0x00000000ac200000|100%|HC|  |TAMS 0x00000000ac100000, 0x00000000ac100000| Complete 
| 194|0x00000000ac200000, 0x00000000ac300000, 0x00000000ac300000|100%|HC|  |TAMS 0x00000000ac200000, 0x00000000ac200000| Complete 
| 195|0x00000000ac300000, 0x00000000ac400000, 0x00000000ac400000|100%|HC|  |TAMS 0x00000000ac300000, 0x00000000ac300000| Complete 
| 196|0x00000000ac400000, 0x00000000ac500000, 0x00000000ac500000|100%|HS|  |TAMS 0x00000000ac400000, 0x00000000ac400000| Complete 
| 197|0x00000000ac500000, 0x00000000ac600000, 0x00000000ac600000|100%|HC|  |TAMS 0x00000000ac500000, 0x00000000ac500000| Complete 
| 198|0x00000000ac600000, 0x00000000ac700000, 0x00000000ac700000|100%|HC|  |TAMS 0x00000000ac600000, 0x00000000ac600000| Complete 
| 199|0x00000000ac700000, 0x00000000ac800000, 0x00000000ac800000|100%|HC|  |TAMS 0x00000000ac700000, 0x00000000ac700000| Complete 
| 200|0x00000000ac800000, 0x00000000ac900000, 0x00000000ac900000|100%|HC|  |TAMS 0x00000000ac800000, 0x00000000ac800000| Complete 
| 201|0x00000000ac900000, 0x00000000aca00000, 0x00000000aca00000|100%|HC|  |TAMS 0x00000000ac900000, 0x00000000ac900000| Complete 
| 202|0x00000000aca00000, 0x00000000acb00000, 0x00000000acb00000|100%|HC|  |TAMS 0x00000000aca00000, 0x00000000aca00000| Complete 
| 203|0x00000000acb00000, 0x00000000acc00000, 0x00000000acc00000|100%|HC|  |TAMS 0x00000000acb00000, 0x00000000acb00000| Complete 
| 204|0x00000000acc00000, 0x00000000acd00000, 0x00000000acd00000|100%|HC|  |TAMS 0x00000000acc00000, 0x00000000acc00000| Complete 
| 205|0x00000000acd00000, 0x00000000ace00000, 0x00000000ace00000|100%|HS|  |TAMS 0x00000000acd00000, 0x00000000acd00000| Complete 
| 206|0x00000000ace00000, 0x00000000acf00000, 0x00000000acf00000|100%|HC|  |TAMS 0x00000000ace00000, 0x00000000ace00000| Complete 
| 207|0x00000000acf00000, 0x00000000ad000000, 0x00000000ad000000|100%|HC|  |TAMS 0x00000000acf00000, 0x00000000acf00000| Complete 
| 208|0x00000000ad000000, 0x00000000ad100000, 0x00000000ad100000|100%|HC|  |TAMS 0x00000000ad000000, 0x00000000ad000000| Complete 
| 209|0x00000000ad100000, 0x00000000ad200000, 0x00000000ad200000|100%|HC|  |TAMS 0x00000000ad100000, 0x00000000ad100000| Complete 
| 210|0x00000000ad200000, 0x00000000ad300000, 0x00000000ad300000|100%|HC|  |TAMS 0x00000000ad200000, 0x00000000ad200000| Complete 
| 211|0x00000000ad300000, 0x00000000ad400000, 0x00000000ad400000|100%|HC|  |TAMS 0x00000000ad300000, 0x00000000ad300000| Complete 
| 212|0x00000000ad400000, 0x00000000ad500000, 0x00000000ad500000|100%|HC|  |TAMS 0x00000000ad400000, 0x00000000ad400000| Complete 
| 213|0x00000000ad500000, 0x00000000ad600000, 0x00000000ad600000|100%|HC|  |TAMS 0x00000000ad500000, 0x00000000ad500000| Complete 
| 214|0x00000000ad600000, 0x00000000ad700000, 0x00000000ad700000|100%|HC|  |TAMS 0x00000000ad600000, 0x00000000ad600000| Complete 
| 215|0x00000000ad700000, 0x00000000ad800000, 0x00000000ad800000|100%|HC|  |TAMS 0x00000000ad700000, 0x00000000ad700000| Complete 
| 216|0x00000000ad800000, 0x00000000ad900000, 0x00000000ad900000|100%|HC|  |TAMS 0x00000000ad800000, 0x00000000ad800000| Complete 
| 217|0x00000000ad900000, 0x00000000ada00000, 0x00000000ada00000|100%|HC|  |TAMS 0x00000000ad900000, 0x00000000ad900000| Complete 
| 218|0x00000000ada00000, 0x00000000adb00000, 0x00000000adb00000|100%|HC|  |TAMS 0x00000000ada00000, 0x00000000ada00000| Complete 
| 219|0x00000000adb00000, 0x00000000adc00000, 0x00000000adc00000|100%|HC|  |TAMS 0x00000000adb00000, 0x00000000adb00000| Complete 
| 220|0x00000000adc00000, 0x00000000add00000, 0x00000000add00000|100%|HC|  |TAMS 0x00000000adc00000, 0x00000000adc00000| Complete 
| 221|0x00000000add00000, 0x00000000ade00000, 0x00000000ade00000|100%|HC|  |TAMS 0x00000000add00000, 0x00000000add00000| Complete 
| 222|0x00000000ade00000, 0x00000000adf00000, 0x00000000adf00000|100%|HS|  |TAMS 0x00000000ade00000, 0x00000000ade00000| Complete 
| 223|0x00000000adf00000, 0x00000000ae000000, 0x00000000ae000000|100%|HC|  |TAMS 0x00000000adf00000, 0x00000000adf00000| Complete 
| 224|0x00000000ae000000, 0x00000000ae100000, 0x00000000ae100000|100%|HC|  |TAMS 0x00000000ae000000, 0x00000000ae000000| Complete 
| 225|0x00000000ae100000, 0x00000000ae200000, 0x00000000ae200000|100%|HC|  |TAMS 0x00000000ae100000, 0x00000000ae100000| Complete 
| 226|0x00000000ae200000, 0x00000000ae300000, 0x00000000ae300000|100%|HC|  |TAMS 0x00000000ae200000, 0x00000000ae200000| Complete 
| 227|0x00000000ae300000, 0x00000000ae400000, 0x00000000ae400000|100%|HC|  |TAMS 0x00000000ae300000, 0x00000000ae300000| Complete 
| 228|0x00000000ae400000, 0x00000000ae500000, 0x00000000ae500000|100%|HC|  |TAMS 0x00000000ae400000, 0x00000000ae400000| Complete 
| 229|0x00000000ae500000, 0x00000000ae600000, 0x00000000ae600000|100%|HC|  |TAMS 0x00000000ae500000, 0x00000000ae500000| Complete 
| 230|0x00000000ae600000, 0x00000000ae700000, 0x00000000ae700000|100%|HC|  |TAMS 0x00000000ae600000, 0x00000000ae600000| Complete 
| 231|0x00000000ae700000, 0x00000000ae800000, 0x00000000ae800000|100%|HC|  |TAMS 0x00000000ae700000, 0x00000000ae700000| Complete 
| 232|0x00000000ae800000, 0x00000000ae900000, 0x00000000ae900000|100%|HC|  |TAMS 0x00000000ae800000, 0x00000000ae800000| Complete 
| 233|0x00000000ae900000, 0x00000000aea00000, 0x00000000aea00000|100%|HS|  |TAMS 0x00000000ae900000, 0x00000000ae900000| Complete 
| 234|0x00000000aea00000, 0x00000000aeb00000, 0x00000000aeb00000|100%|HS|  |TAMS 0x00000000aea00000, 0x00000000aea00000| Complete 
| 235|0x00000000aeb00000, 0x00000000aec00000, 0x00000000aec00000|100%|HC|  |TAMS 0x00000000aeb00000, 0x00000000aeb00000| Complete 
| 236|0x00000000aec00000, 0x00000000aed00000, 0x00000000aed00000|100%|HS|  |TAMS 0x00000000aec00000, 0x00000000aec00000| Complete 
| 237|0x00000000aed00000, 0x00000000aee00000, 0x00000000aee00000|100%|HC|  |TAMS 0x00000000aed00000, 0x00000000aed00000| Complete 
| 238|0x00000000aee00000, 0x00000000aef00000, 0x00000000aef00000|100%|HC|  |TAMS 0x00000000aee00000, 0x00000000aee00000| Complete 
| 239|0x00000000aef00000, 0x00000000af000000, 0x00000000af000000|100%|HS|  |TAMS 0x00000000aef00000, 0x00000000aef00000| Complete 
| 240|0x00000000af000000, 0x00000000af100000, 0x00000000af100000|100%|HC|  |TAMS 0x00000000af000000, 0x00000000af000000| Complete 
| 241|0x00000000af100000, 0x00000000af200000, 0x00000000af200000|100%|HC|  |TAMS 0x00000000af100000, 0x00000000af100000| Complete 
| 242|0x00000000af200000, 0x00000000af300000, 0x00000000af300000|100%|HC|  |TAMS 0x00000000af200000, 0x00000000af200000| Complete 
| 243|0x00000000af300000, 0x00000000af400000, 0x00000000af400000|100%|HC|  |TAMS 0x00000000af300000, 0x00000000af300000| Complete 
| 244|0x00000000af400000, 0x00000000af500000, 0x00000000af500000|100%|HS|  |TAMS 0x00000000af400000, 0x00000000af400000| Complete 
| 245|0x00000000af500000, 0x00000000af600000, 0x00000000af600000|100%|HC|  |TAMS 0x00000000af500000, 0x00000000af500000| Complete 
| 246|0x00000000af600000, 0x00000000af700000, 0x00000000af700000|100%|HC|  |TAMS 0x00000000af600000, 0x00000000af600000| Complete 
| 247|0x00000000af700000, 0x00000000af800000, 0x00000000af800000|100%|HS|  |TAMS 0x00000000af700000, 0x00000000af700000| Complete 
| 248|0x00000000af800000, 0x00000000af900000, 0x00000000af900000|100%|HC|  |TAMS 0x00000000af800000, 0x00000000af800000| Complete 
| 249|0x00000000af900000, 0x00000000af900000, 0x00000000afa00000|  0%| F|  |TAMS 0x00000000af900000, 0x00000000af900000| Untracked 
| 250|0x00000000afa00000, 0x00000000afa00000, 0x00000000afb00000|  0%| F|  |TAMS 0x00000000afa00000, 0x00000000afa00000| Untracked 
| 251|0x00000000afb00000, 0x00000000afb00000, 0x00000000afc00000|  0%| F|  |TAMS 0x00000000afb00000, 0x00000000afb00000| Untracked 
| 252|0x00000000afc00000, 0x00000000afcc0860, 0x00000000afd00000| 75%| E|  |TAMS 0x00000000afc00000, 0x00000000afc00000| Complete 
| 253|0x00000000afd00000, 0x00000000afe00000, 0x00000000afe00000|100%| E|CS|TAMS 0x00000000afd00000, 0x00000000afd00000| Complete 
| 254|0x00000000afe00000, 0x00000000aff00000, 0x00000000aff00000|100%| E|CS|TAMS 0x00000000afe00000, 0x00000000afe00000| Complete 
| 255|0x00000000aff00000, 0x00000000b0000000, 0x00000000b0000000|100%| E|CS|TAMS 0x00000000aff00000, 0x00000000aff00000| Complete 
| 256|0x00000000b0000000, 0x00000000b0100000, 0x00000000b0100000|100%| E|CS|TAMS 0x00000000b0000000, 0x00000000b0000000| Complete 
| 257|0x00000000b0100000, 0x00000000b0200000, 0x00000000b0200000|100%| E|CS|TAMS 0x00000000b0100000, 0x00000000b0100000| Complete 
| 258|0x00000000b0200000, 0x00000000b0300000, 0x00000000b0300000|100%| E|CS|TAMS 0x00000000b0200000, 0x00000000b0200000| Complete 
| 259|0x00000000b0300000, 0x00000000b0400000, 0x00000000b0400000|100%| E|CS|TAMS 0x00000000b0300000, 0x00000000b0300000| Complete 
| 260|0x00000000b0400000, 0x00000000b0500000, 0x00000000b0500000|100%| E|CS|TAMS 0x00000000b0400000, 0x00000000b0400000| Complete 
| 261|0x00000000b0500000, 0x00000000b0600000, 0x00000000b0600000|100%| E|CS|TAMS 0x00000000b0500000, 0x00000000b0500000| Complete 
| 262|0x00000000b0600000, 0x00000000b0700000, 0x00000000b0700000|100%| E|CS|TAMS 0x00000000b0600000, 0x00000000b0600000| Complete 
| 263|0x00000000b0700000, 0x00000000b0800000, 0x00000000b0800000|100%| E|CS|TAMS 0x00000000b0700000, 0x00000000b0700000| Complete 
| 264|0x00000000b0800000, 0x00000000b0900000, 0x00000000b0900000|100%| E|CS|TAMS 0x00000000b0800000, 0x00000000b0800000| Complete 
| 265|0x00000000b0900000, 0x00000000b0a00000, 0x00000000b0a00000|100%| E|CS|TAMS 0x00000000b0900000, 0x00000000b0900000| Complete 
| 266|0x00000000b0a00000, 0x00000000b0b00000, 0x00000000b0b00000|100%| E|CS|TAMS 0x00000000b0a00000, 0x00000000b0a00000| Complete 
| 267|0x00000000b0b00000, 0x00000000b0c00000, 0x00000000b0c00000|100%| E|CS|TAMS 0x00000000b0b00000, 0x00000000b0b00000| Complete 
| 268|0x00000000b0c00000, 0x00000000b0d00000, 0x00000000b0d00000|100%| E|CS|TAMS 0x00000000b0c00000, 0x00000000b0c00000| Complete 
| 269|0x00000000b0d00000, 0x00000000b0e00000, 0x00000000b0e00000|100%| E|CS|TAMS 0x00000000b0d00000, 0x00000000b0d00000| Complete 
| 270|0x00000000b0e00000, 0x00000000b0f00000, 0x00000000b0f00000|100%| E|CS|TAMS 0x00000000b0e00000, 0x00000000b0e00000| Complete 
| 271|0x00000000b0f00000, 0x00000000b1000000, 0x00000000b1000000|100%| E|CS|TAMS 0x00000000b0f00000, 0x00000000b0f00000| Complete 
| 272|0x00000000b1000000, 0x00000000b1100000, 0x00000000b1100000|100%| E|CS|TAMS 0x00000000b1000000, 0x00000000b1000000| Complete 
| 273|0x00000000b1100000, 0x00000000b1200000, 0x00000000b1200000|100%| E|CS|TAMS 0x00000000b1100000, 0x00000000b1100000| Complete 
| 274|0x00000000b1200000, 0x00000000b1300000, 0x00000000b1300000|100%| E|CS|TAMS 0x00000000b1200000, 0x00000000b1200000| Complete 
| 275|0x00000000b1300000, 0x00000000b1400000, 0x00000000b1400000|100%| E|CS|TAMS 0x00000000b1300000, 0x00000000b1300000| Complete 
| 276|0x00000000b1400000, 0x00000000b1500000, 0x00000000b1500000|100%| E|CS|TAMS 0x00000000b1400000, 0x00000000b1400000| Complete 
| 277|0x00000000b1500000, 0x00000000b1600000, 0x00000000b1600000|100%| E|CS|TAMS 0x00000000b1500000, 0x00000000b1500000| Complete 
| 278|0x00000000b1600000, 0x00000000b1700000, 0x00000000b1700000|100%| E|CS|TAMS 0x00000000b1600000, 0x00000000b1600000| Complete 
| 279|0x00000000b1700000, 0x00000000b1800000, 0x00000000b1800000|100%| E|  |TAMS 0x00000000b1700000, 0x00000000b1700000| Complete 
| 280|0x00000000b1800000, 0x00000000b1900000, 0x00000000b1900000|100%| E|CS|TAMS 0x00000000b1800000, 0x00000000b1800000| Complete 
| 281|0x00000000b1900000, 0x00000000b1a00000, 0x00000000b1a00000|100%| E|CS|TAMS 0x00000000b1900000, 0x00000000b1900000| Complete 
| 282|0x00000000b1a00000, 0x00000000b1b00000, 0x00000000b1b00000|100%| E|CS|TAMS 0x00000000b1a00000, 0x00000000b1a00000| Complete 
| 283|0x00000000b1b00000, 0x00000000b1c00000, 0x00000000b1c00000|100%| E|CS|TAMS 0x00000000b1b00000, 0x00000000b1b00000| Complete 
| 284|0x00000000b1c00000, 0x00000000b1d00000, 0x00000000b1d00000|100%| E|CS|TAMS 0x00000000b1c00000, 0x00000000b1c00000| Complete 
| 285|0x00000000b1d00000, 0x00000000b1e00000, 0x00000000b1e00000|100%| E|CS|TAMS 0x00000000b1d00000, 0x00000000b1d00000| Complete 
| 286|0x00000000b1e00000, 0x00000000b1f00000, 0x00000000b1f00000|100%| E|CS|TAMS 0x00000000b1e00000, 0x00000000b1e00000| Complete 
| 287|0x00000000b1f00000, 0x00000000b2000000, 0x00000000b2000000|100%| E|CS|TAMS 0x00000000b1f00000, 0x00000000b1f00000| Complete 
| 288|0x00000000b2000000, 0x00000000b2100000, 0x00000000b2100000|100%| E|CS|TAMS 0x00000000b2000000, 0x00000000b2000000| Complete 
| 289|0x00000000b2100000, 0x00000000b2200000, 0x00000000b2200000|100%| E|CS|TAMS 0x00000000b2100000, 0x00000000b2100000| Complete 
| 290|0x00000000b2200000, 0x00000000b2300000, 0x00000000b2300000|100%| E|CS|TAMS 0x00000000b2200000, 0x00000000b2200000| Complete 
| 291|0x00000000b2300000, 0x00000000b2400000, 0x00000000b2400000|100%| E|CS|TAMS 0x00000000b2300000, 0x00000000b2300000| Complete 
| 292|0x00000000b2400000, 0x00000000b2500000, 0x00000000b2500000|100%| E|CS|TAMS 0x00000000b2400000, 0x00000000b2400000| Complete 
| 293|0x00000000b2500000, 0x00000000b2600000, 0x00000000b2600000|100%| E|CS|TAMS 0x00000000b2500000, 0x00000000b2500000| Complete 
| 294|0x00000000b2600000, 0x00000000b2700000, 0x00000000b2700000|100%| E|CS|TAMS 0x00000000b2600000, 0x00000000b2600000| Complete 
| 295|0x00000000b2700000, 0x00000000b2800000, 0x00000000b2800000|100%| E|CS|TAMS 0x00000000b2700000, 0x00000000b2700000| Complete 
| 296|0x00000000b2800000, 0x00000000b2900000, 0x00000000b2900000|100%| E|CS|TAMS 0x00000000b2800000, 0x00000000b2800000| Complete 
| 297|0x00000000b2900000, 0x00000000b2a00000, 0x00000000b2a00000|100%| E|CS|TAMS 0x00000000b2900000, 0x00000000b2900000| Complete 
| 298|0x00000000b2a00000, 0x00000000b2a46780, 0x00000000b2b00000| 27%| S|CS|TAMS 0x00000000b2a00000, 0x00000000b2a00000| Complete 
| 299|0x00000000b2b00000, 0x00000000b2c00000, 0x00000000b2c00000|100%| S|CS|TAMS 0x00000000b2b00000, 0x00000000b2b00000| Complete 
| 300|0x00000000b2c00000, 0x00000000b2d00000, 0x00000000b2d00000|100%| E|CS|TAMS 0x00000000b2c00000, 0x00000000b2c00000| Complete 
| 301|0x00000000b2d00000, 0x00000000b2e00000, 0x00000000b2e00000|100%| E|CS|TAMS 0x00000000b2d00000, 0x00000000b2d00000| Complete 

Card table byte_map: [0x000001c37f010000,0x000001c37f310000] _byte_map_base: 0x000001c37eb10000

Marking Bits (Prev, Next): (CMBitMap*) 0x000001c376488148, (CMBitMap*) 0x000001c376488108
 Prev Bits: [0x000001c310800000, 0x000001c312000000)
 Next Bits: [0x000001c30f000000, 0x000001c310800000)

Polling page: 0x000001c3743e0000

Metaspace:

Usage:
  Non-class:     80.58 MB capacity,    78.59 MB ( 98%) used,     1.69 MB (  2%) free+waste,   305.94 KB ( <1%) overhead. 
      Class:     13.04 MB capacity,    11.98 MB ( 92%) used,   946.68 KB (  7%) free+waste,   139.31 KB (  1%) overhead. 
       Both:     93.62 MB capacity,    90.57 MB ( 97%) used,     2.62 MB (  3%) free+waste,   445.25 KB ( <1%) overhead. 

Virtual space:
  Non-class space:       82.00 MB reserved,      80.75 MB ( 98%) committed 
      Class space:        1.00 GB reserved,      13.07 MB (  1%) committed 
             Both:        1.08 GB reserved,      93.82 MB (  8%) committed 

Chunk freelists:
   Non-Class:  3.00 KB
       Class:  0 bytes
        Both:  3.00 KB

MaxMetaspaceSize: 17179869184.00 GB
CompressedClassSpaceSize: 1.00 GB

CodeHeap 'non-profiled nmethods': size=120000Kb used=7689Kb max_used=7689Kb free=112310Kb
 bounds [0x000001c307ad0000, 0x000001c308260000, 0x000001c30f000000]
CodeHeap 'profiled nmethods': size=120000Kb used=27435Kb max_used=27435Kb free=92564Kb
 bounds [0x000001c3005a0000, 0x000001c302070000, 0x000001c307ad0000]
CodeHeap 'non-nmethods': size=5760Kb used=2439Kb max_used=2496Kb free=3320Kb
 bounds [0x000001c300000000, 0x000001c300280000, 0x000001c3005a0000]
 total_blobs=14689 nmethods=13751 adapters=849
 compilation: enabled
              stopped_count=0, restarted_count=0
 full_count=0

Compilation events (20 events):
Event: 119.455 Thread 0x000001c37fe23000 15932       1       org.gradle.api.internal.artifacts.ivyservice.ivyresolve.CachingModuleComponentRepository::getLocalAccess (5 bytes)
Event: 119.455 Thread 0x000001c37fe23000 nmethod 15932 0x000001c308244790 code [0x000001c308244920, 0x000001c3082449f8]
Event: 119.455 Thread 0x000001c37fe23000 15933       1       org.gradle.api.internal.artifacts.ivyservice.ivyresolve.CachingModuleComponentRepository::getRemoteAccess (5 bytes)
Event: 119.455 Thread 0x000001c37fe23000 nmethod 15933 0x000001c308244a90 code [0x000001c308244c20, 0x000001c308244cf8]
Event: 119.455 Thread 0x000001c37fe23000 15934       1       org.gradle.api.internal.artifacts.repositories.resolver.ExternalResourceResolver::isDynamicResolveMode (2 bytes)
Event: 119.455 Thread 0x000001c37fe23000 nmethod 15934 0x000001c308244d90 code [0x000001c308244f20, 0x000001c308244ff8]
Event: 119.455 Thread 0x000001c37fe23000 15935       1       org.gradle.api.internal.artifacts.ivyservice.ivyresolve.BaseModuleComponentRepository::getLocalAccess (5 bytes)
Event: 119.455 Thread 0x000001c37fe23000 nmethod 15935 0x000001c308245090 code [0x000001c308245220, 0x000001c3082452f8]
Event: 119.456 Thread 0x000001c37fe23000 15936       1       org.gradle.api.internal.artifacts.ivyservice.ivyresolve.BaseModuleComponentRepository::getRemoteAccess (5 bytes)
Event: 119.456 Thread 0x000001c37fe23000 nmethod 15936 0x000001c308245390 code [0x000001c308245520, 0x000001c3082455f8]
Event: 119.457 Thread 0x000001c37fe23000 15937       2       org.gradle.api.internal.artifacts.ivyservice.ivyresolve.RepositoryChainComponentMetaDataResolver::resolveModule (277 bytes)
Event: 119.459 Thread 0x000001c37fe23000 nmethod 15937 0x000001c301f29810 code [0x000001c301f29c20, 0x000001c301f2b738]
Event: 119.462 Thread 0x000001c37fe23000 15938       1       org.gradle.api.internal.artifacts.ivyservice.resolveengine.graph.conflicts.DefaultConflictResolverDetails::getCandidates (5 bytes)
Event: 119.462 Thread 0x000001c37fe23000 nmethod 15938 0x000001c308245690 code [0x000001c308245820, 0x000001c3082458f8]
Event: 119.462 Thread 0x000001c37fe23000 15939       1       org.gradle.api.internal.artifacts.ivyservice.resolveengine.graph.conflicts.DefaultConflictResolverDetails::select (6 bytes)
Event: 119.462 Thread 0x000001c37fe23000 nmethod 15939 0x000001c308245990 code [0x000001c308245b20, 0x000001c308245c38]
Event: 119.462 Thread 0x000001c37fe23000 15940       1       org.gradle.api.internal.artifacts.ivyservice.resolveengine.graph.conflicts.CompositeConflictResolver$CompositeDetails::access$100 (5 bytes)
Event: 119.462 Thread 0x000001c37fe23000 nmethod 15940 0x000001c308245c90 code [0x000001c308245e20, 0x000001c308245eb8]
Event: 119.462 Thread 0x000001c37fe23000 15941       1       org.gradle.api.internal.artifacts.ivyservice.resolveengine.graph.conflicts.DefaultConflictResolverDetails::getSelected (5 bytes)
Event: 119.462 Thread 0x000001c37fe23000 nmethod 15941 0x000001c308245f90 code [0x000001c308246120, 0x000001c3082461f8]

GC Heap History (20 events):
Event: 52.641 GC heap before
{Heap before GC invocations=49 (full 0):
 garbage-first heap   total 173056K, used 129048K [0x00000000a0000000, 0x0000000100000000)
  region size 1024K, 42 young (43008K), 4 survivors (4096K)
 Metaspace       used 84913K, capacity 87686K, committed 87756K, reserved 1124352K
  class space    used 11245K, capacity 12197K, committed 12236K, reserved 1048576K
}
Event: 52.646 GC heap after
{Heap after GC invocations=50 (full 0):
 garbage-first heap   total 173056K, used 95081K [0x00000000a0000000, 0x0000000100000000)
  region size 1024K, 6 young (6144K), 6 survivors (6144K)
 Metaspace       used 84913K, capacity 87686K, committed 87756K, reserved 1124352K
  class space    used 11245K, capacity 12197K, committed 12236K, reserved 1048576K
}
Event: 53.105 GC heap before
{Heap before GC invocations=50 (full 0):
 garbage-first heap   total 173056K, used 136041K [0x00000000a0000000, 0x0000000100000000)
  region size 1024K, 47 young (48128K), 6 survivors (6144K)
 Metaspace       used 88810K, capacity 91754K, committed 91980K, reserved 1128448K
  class space    used 11789K, capacity 12820K, committed 12876K, reserved 1048576K
}
Event: 53.111 GC heap after
{Heap after GC invocations=51 (full 0):
 garbage-first heap   total 173056K, used 96926K [0x00000000a0000000, 0x0000000100000000)
  region size 1024K, 3 young (3072K), 3 survivors (3072K)
 Metaspace       used 88810K, capacity 91754K, committed 91980K, reserved 1128448K
  class space    used 11789K, capacity 12820K, committed 12876K, reserved 1048576K
}
Event: 53.217 GC heap before
{Heap before GC invocations=52 (full 0):
 garbage-first heap   total 194560K, used 138910K [0x00000000a0000000, 0x0000000100000000)
  region size 1024K, 44 young (45056K), 3 survivors (3072K)
 Metaspace       used 89204K, capacity 92224K, committed 92364K, reserved 1128448K
  class space    used 11841K, capacity 12891K, committed 13004K, reserved 1048576K
}
Event: 53.219 GC heap after
{Heap after GC invocations=53 (full 0):
 garbage-first heap   total 194560K, used 95109K [0x00000000a0000000, 0x0000000100000000)
  region size 1024K, 3 young (3072K), 3 survivors (3072K)
 Metaspace       used 89204K, capacity 92224K, committed 92364K, reserved 1128448K
  class space    used 11841K, capacity 12891K, committed 13004K, reserved 1048576K
}
Event: 53.306 GC heap before
{Heap before GC invocations=53 (full 0):
 garbage-first heap   total 194560K, used 128901K [0x00000000a0000000, 0x0000000100000000)
  region size 1024K, 38 young (38912K), 3 survivors (3072K)
 Metaspace       used 89239K, capacity 92250K, committed 92364K, reserved 1128448K
  class space    used 11849K, capacity 12900K, committed 13004K, reserved 1048576K
}
Event: 53.309 GC heap after
{Heap after GC invocations=54 (full 0):
 garbage-first heap   total 194560K, used 96138K [0x00000000a0000000, 0x0000000100000000)
  region size 1024K, 4 young (4096K), 4 survivors (4096K)
 Metaspace       used 89239K, capacity 92250K, committed 92364K, reserved 1128448K
  class space    used 11849K, capacity 12900K, committed 13004K, reserved 1048576K
}
Event: 53.430 GC heap before
{Heap before GC invocations=55 (full 0):
 garbage-first heap   total 194560K, used 110474K [0x00000000a0000000, 0x0000000100000000)
  region size 1024K, 17 young (17408K), 4 survivors (4096K)
 Metaspace       used 89524K, capacity 92546K, committed 92876K, reserved 1128448K
  class space    used 11888K, capacity 12924K, committed 13004K, reserved 1048576K
}
Event: 53.433 GC heap after
{Heap after GC invocations=56 (full 0):
 garbage-first heap   total 194560K, used 96908K [0x00000000a0000000, 0x0000000100000000)
  region size 1024K, 5 young (5120K), 5 survivors (5120K)
 Metaspace       used 89524K, capacity 92546K, committed 92876K, reserved 1128448K
  class space    used 11888K, capacity 12924K, committed 13004K, reserved 1048576K
}
Event: 53.691 GC heap before
{Heap before GC invocations=57 (full 0):
 garbage-first heap   total 206848K, used 170636K [0x00000000a0000000, 0x0000000100000000)
  region size 1024K, 63 young (64512K), 5 survivors (5120K)
 Metaspace       used 90329K, capacity 93373K, committed 93516K, reserved 1130496K
  class space    used 12015K, capacity 13076K, committed 13132K, reserved 1048576K
}
Event: 53.718 GC heap after
{Heap after GC invocations=58 (full 0):
 garbage-first heap   total 206848K, used 136759K [0x00000000a0000000, 0x0000000100000000)
  region size 1024K, 8 young (8192K), 8 survivors (8192K)
 Metaspace       used 90329K, capacity 93373K, committed 93516K, reserved 1130496K
  class space    used 12015K, capacity 13076K, committed 13132K, reserved 1048576K
}
Event: 53.992 GC heap before
{Heap before GC invocations=58 (full 0):
 garbage-first heap   total 206848K, used 161335K [0x00000000a0000000, 0x0000000100000000)
  region size 1024K, 34 young (34816K), 8 survivors (8192K)
 Metaspace       used 90522K, capacity 93639K, committed 93772K, reserved 1130496K
  class space    used 12017K, capacity 13076K, committed 13132K, reserved 1048576K
}
Event: 54.007 GC heap after
{Heap after GC invocations=59 (full 0):
 garbage-first heap   total 206848K, used 146432K [0x00000000a0000000, 0x0000000100000000)
  region size 1024K, 5 young (5120K), 5 survivors (5120K)
 Metaspace       used 90522K, capacity 93639K, committed 93772K, reserved 1130496K
  class space    used 12017K, capacity 13076K, committed 13132K, reserved 1048576K
}
Event: 54.182 GC heap before
{Heap before GC invocations=60 (full 0):
 garbage-first heap   total 250880K, used 155648K [0x00000000a0000000, 0x0000000100000000)
  region size 1024K, 17 young (17408K), 5 survivors (5120K)
 Metaspace       used 90558K, capacity 93644K, committed 93772K, reserved 1130496K
  class space    used 12017K, capacity 13076K, committed 13132K, reserved 1048576K
}
Event: 54.188 GC heap after
{Heap after GC invocations=61 (full 0):
 garbage-first heap   total 250880K, used 151040K [0x00000000a0000000, 0x0000000100000000)
  region size 1024K, 4 young (4096K), 4 survivors (4096K)
 Metaspace       used 90558K, capacity 93644K, committed 93772K, reserved 1130496K
  class space    used 12017K, capacity 13076K, committed 13132K, reserved 1048576K
}
Event: 54.328 GC heap before
{Heap before GC invocations=61 (full 0):
 garbage-first heap   total 309248K, used 197120K [0x00000000a0000000, 0x0000000100000000)
  region size 1024K, 43 young (44032K), 4 survivors (4096K)
 Metaspace       used 90626K, capacity 93693K, committed 94028K, reserved 1130496K
  class space    used 11992K, capacity 13032K, committed 13132K, reserved 1048576K
}
Event: 54.330 GC heap after
{Heap after GC invocations=62 (full 0):
 garbage-first heap   total 309248K, used 157877K [0x00000000a0000000, 0x0000000100000000)
  region size 1024K, 2 young (2048K), 2 survivors (2048K)
 Metaspace       used 90626K, capacity 93693K, committed 94028K, reserved 1130496K
  class space    used 11992K, capacity 13032K, committed 13132K, reserved 1048576K
}
Event: 54.378 GC heap before
{Heap before GC invocations=63 (full 0):
 garbage-first heap   total 309248K, used 158901K [0x00000000a0000000, 0x0000000100000000)
  region size 1024K, 4 young (4096K), 2 survivors (2048K)
 Metaspace       used 90669K, capacity 93693K, committed 94028K, reserved 1130496K
  class space    used 11992K, capacity 13032K, committed 13132K, reserved 1048576K
}
Event: 54.380 GC heap after
{Heap after GC invocations=64 (full 0):
 garbage-first heap   total 309248K, used 157914K [0x00000000a0000000, 0x0000000100000000)
  region size 1024K, 2 young (2048K), 2 survivors (2048K)
 Metaspace       used 90669K, capacity 93693K, committed 94028K, reserved 1130496K
  class space    used 11992K, capacity 13032K, committed 13132K, reserved 1048576K
}

Deoptimization events (20 events):
Event: 55.585 Thread 0x000001c316119000 DEOPT PACKING pc=0x000001c3019b2fd4 sp=0x00000077fc6ff0e0
Event: 55.585 Thread 0x000001c316119000 DEOPT UNPACKING pc=0x000001c30004964e sp=0x00000077fc6fe6a0 mode 0
Event: 55.585 Thread 0x000001c31611a000 DEOPT PACKING pc=0x000001c3019b2fd4 sp=0x00000077fc7fefb0
Event: 55.585 Thread 0x000001c31611a000 DEOPT UNPACKING pc=0x000001c30004964e sp=0x00000077fc7fe570 mode 0
Event: 55.588 Thread 0x000001c3203c7000 DEOPT PACKING pc=0x000001c300d7bc5c sp=0x00000077f9aff1c0
Event: 55.588 Thread 0x000001c3203c7000 DEOPT UNPACKING pc=0x000001c30004964e sp=0x00000077f9afe7d0 mode 0
Event: 55.590 Thread 0x000001c31551c800 DEOPT PACKING pc=0x000001c300d7bc5c sp=0x00000077f97ff000
Event: 55.590 Thread 0x000001c31551c800 DEOPT UNPACKING pc=0x000001c30004964e sp=0x00000077f97fe610 mode 0
Event: 55.592 Thread 0x000001c3203c9000 DEOPT PACKING pc=0x000001c300d7bc5c sp=0x00000077f98ff340
Event: 55.592 Thread 0x000001c3203c9000 DEOPT UNPACKING pc=0x000001c30004964e sp=0x00000077f98fe950 mode 0
Event: 55.594 Thread 0x000001c3203c4000 DEOPT PACKING pc=0x000001c300d7bc5c sp=0x00000077f96fe9e0
Event: 55.594 Thread 0x000001c3203c4000 DEOPT UNPACKING pc=0x000001c30004964e sp=0x00000077f96fdff0 mode 0
Event: 55.595 Thread 0x000001c315cc9800 DEOPT PACKING pc=0x000001c300d7bc5c sp=0x00000077f94feb00
Event: 55.595 Thread 0x000001c315cc9800 DEOPT UNPACKING pc=0x000001c30004964e sp=0x00000077f94fe110 mode 0
Event: 81.356 Thread 0x000001c315ef4000 DEOPT PACKING pc=0x000001c301906ee0 sp=0x00000077f93fd780
Event: 81.356 Thread 0x000001c315ef4000 DEOPT UNPACKING pc=0x000001c30004964e sp=0x00000077f93fcce8 mode 0
Event: 119.262 Thread 0x000001c3203d6800 DEOPT PACKING pc=0x000001c30078d2e1 sp=0x00000077f94fbc70
Event: 119.262 Thread 0x000001c3203d6800 DEOPT UNPACKING pc=0x000001c30004964e sp=0x00000077f94fb160 mode 0
Event: 119.401 Thread 0x000001c3203d6800 DEOPT PACKING pc=0x000001c3007f0093 sp=0x00000077f94fa280
Event: 119.401 Thread 0x000001c3203d6800 DEOPT UNPACKING pc=0x000001c30004964e sp=0x00000077f94f97b8 mode 0

Classes unloaded (20 events):
Event: 54.283 Thread 0x000001c37fdf4000 Unloading class 0x00000008017db440 'com/android/tools/r8/dex/DexParser$$Lambda$1306'
Event: 54.283 Thread 0x000001c37fdf4000 Unloading class 0x00000008017db040 'com/android/tools/r8/dex/DexParser$$Lambda$1305'
Event: 54.283 Thread 0x000001c37fdf4000 Unloading class 0x00000008017db840 'com/android/tools/r8/dex/DexParser$$Lambda$1303'
Event: 54.283 Thread 0x000001c37fdf4000 Unloading class 0x00000008017dc440 'com/android/tools/r8/dex/DexParser$$Lambda$1302'
Event: 54.283 Thread 0x000001c37fdf4000 Unloading class 0x00000008017dc040 'com/android/tools/r8/dex/DexParser$$Lambda$1301'
Event: 54.283 Thread 0x000001c37fdf4000 Unloading class 0x00000008017dc840 'com/android/tools/r8/dex/DexParser$$Lambda$1299'
Event: 54.283 Thread 0x000001c37fdf4000 Unloading class 0x00000008017dd440 'com/android/tools/r8/dex/DexParser$$Lambda$1298'
Event: 54.283 Thread 0x000001c37fdf4000 Unloading class 0x00000008017dd040 'com/android/tools/r8/dex/DexParser$$Lambda$1297'
Event: 54.283 Thread 0x000001c37fdf4000 Unloading class 0x00000008017ddc40 'com/android/tools/r8/dex/DexParser$$Lambda$1296'
Event: 54.283 Thread 0x000001c37fdf4000 Unloading class 0x00000008017dd840 'com/android/tools/r8/dex/DexParser$$Lambda$1295'
Event: 54.283 Thread 0x000001c37fdf4000 Unloading class 0x00000008017de440 'com/android/tools/r8/dex/DexParser$$Lambda$1294'
Event: 54.283 Thread 0x000001c37fdf4000 Unloading class 0x00000008017dec40 'com/android/tools/r8/dex/DexParser$$Lambda$1292'
Event: 54.283 Thread 0x000001c37fdf4000 Unloading class 0x00000008017de840 'com/android/tools/r8/dex/DexParser$$Lambda$1291'
Event: 54.283 Thread 0x000001c37fdf4000 Unloading class 0x00000008017df440 'com/android/tools/r8/dex/DexParser$$Lambda$1288'
Event: 54.283 Thread 0x000001c37fdf4000 Unloading class 0x00000008017df040 'com/android/tools/r8/dex/DexParser$$Lambda$1289'
Event: 54.283 Thread 0x000001c37fdf4000 Unloading class 0x00000008017df840 'com/android/tools/r8/dex/DexParser$$Lambda$1287'
Event: 54.283 Thread 0x000001c37fdf4000 Unloading class 0x00000008017d8440 'com/android/tools/r8/dex/DexParser$$Lambda$1286'
Event: 54.283 Thread 0x000001c37fdf4000 Unloading class 0x00000008017cf040 'com/android/tools/r8/dex/ApplicationReader$a$$Lambda$1283'
Event: 54.283 Thread 0x000001c37fdf4000 Unloading class 0x00000008017cdc40 'com/android/builder/dexing/DirectoryBasedClassFileInput$$Lambda$1277'
Event: 54.283 Thread 0x000001c37fdf4000 Unloading class 0x00000008017cd440 'com/android/builder/dexing/DirectoryBasedClassFileInput$$Lambda$1275'

Classes redefined (0 events):
No events

Internal exceptions (20 events):
Event: 53.443 Thread 0x000001c3197ab800 Exception <a 'sun/nio/fs/WindowsException'{0x00000000abd02430}> (0x00000000abd02430) 
thrown [./open/src/hotspot/share/prims/jni.cpp, line 599]
Event: 53.538 Thread 0x000001c3203d3000 Implicit null exception at 0x000001c307c7fa2f to 0x000001c307c7fb3c
Event: 53.538 Thread 0x000001c3203d6800 Implicit null exception at 0x000001c307c7fa2f to 0x000001c307c7fb3c
Event: 53.538 Thread 0x000001c3203d4000 Implicit null exception at 0x000001c307c7fa2f to 0x000001c307c7fb3c
Event: 53.538 Thread 0x000001c3203d4800 Implicit null exception at 0x000001c307c7fa2f to 0x000001c307c7fb3c
Event: 53.538 Thread 0x000001c3203d5800 Implicit null exception at 0x000001c307c7fa2f to 0x000001c307c7fb3c
Event: 53.538 Thread 0x000001c31611b800 Implicit null exception at 0x000001c307c7fa2f to 0x000001c307c7fb3c
Event: 54.125 Thread 0x000001c3203d5800 Implicit null exception at 0x000001c3081c75dc to 0x000001c3081c7748
Event: 54.441 Thread 0x000001c3203d5800 Exception <a 'sun/nio/fs/WindowsException'{0x00000000b28f7168}> (0x00000000b28f7168) 
thrown [./open/src/hotspot/share/prims/jni.cpp, line 599]
Event: 54.483 Thread 0x000001c316fac000 Exception <a 'java/lang/NoSuchMethodError'{0x00000000b26dd978}: static Lcom/android/build/gradle/tasks/PackageAndroidArtifact$SplitterParams;.<clinit>()V> (0x00000000b26dd978) 
thrown [./open/src/hotspot/share/prims/jni.cpp, line 1348]
Event: 54.483 Thread 0x000001c316fac000 Exception <a 'java/lang/NoSuchMethodError'{0x00000000b26e09d8}: static Lcom/android/build/gradle/internal/scope/BuildElementsTransformParams;.<clinit>()V> (0x00000000b26e09d8) 
thrown [./open/src/hotspot/share/prims/jni.cpp, line 1348]
Event: 54.484 Thread 0x000001c316fac000 Exception <a 'java/lang/NoSuchMethodError'{0x00000000b2501fd8}: static Lcom/android/build/gradle/internal/scope/DefaultApkData;.<clinit>()V> (0x00000000b2501fd8) 
thrown [./open/src/hotspot/share/prims/jni.cpp, line 1348]
Event: 54.485 Thread 0x000001c316fac000 Exception <a 'java/lang/NoSuchMethodError'{0x00000000b2524af8}: static Lcom/android/builder/files/SerializableChange;.<clinit>()V> (0x00000000b2524af8) 
thrown [./open/src/hotspot/share/prims/jni.cpp, line 1348]
Event: 55.011 Thread 0x000001c3197aa000 Exception <a 'java/lang/NoSuchMethodError'{0x00000000b1611c00}: 'java.lang.Object java.lang.invoke.DirectMethodHandle$Holder.newInvokeSpecial(java.lang.Object, int, java.lang.Object)'> (0x00000000b1611c00) 
thrown [./open/src/hotspot/share/interpreter/linkResolver.cpp, line 766]
Event: 55.312 Thread 0x000001c3197aa000 Exception <a 'java/lang/NoSuchMethodError'{0x00000000b15f3ba0}: 'java.lang.Object java.lang.invoke.DirectMethodHandle$Holder.invokeVirtual(java.lang.Object, java.lang.Object, int)'> (0x00000000b15f3ba0) 
thrown [./open/src/hotspot/share/interpreter/linkResolver.cpp, line 766]
Event: 55.313 Thread 0x000001c3197aa000 Exception <a 'java/lang/NoSuchMethodError'{0x00000000b1410bd0}: 'void java.lang.invoke.DirectMethodHandle$Holder.invokeStatic(java.lang.Object, java.lang.Object, java.lang.Object, int)'> (0x00000000b1410bd0) 
thrown [./open/src/hotspot/share/interpreter/linkResolver.cpp, line 766]
Event: 55.573 Thread 0x000001c31551c800 Exception <a 'sun/nio/fs/WindowsException'{0x00000000b27dbf48}> (0x00000000b27dbf48) 
thrown [./open/src/hotspot/share/prims/jni.cpp, line 599]
Event: 55.574 Thread 0x000001c31551c800 Exception <a 'sun/nio/fs/WindowsException'{0x00000000b27dd5d8}> (0x00000000b27dd5d8) 
thrown [./open/src/hotspot/share/prims/jni.cpp, line 599]
Event: 55.575 Thread 0x000001c31551c800 Implicit null exception at 0x000001c307e9969f to 0x000001c307e9a1f0
Event: 119.416 Thread 0x000001c3203d6800 Exception <a 'sun/nio/fs/WindowsException'{0x00000000b04ab308}> (0x00000000b04ab308) 
thrown [./open/src/hotspot/share/prims/jni.cpp, line 599]

Events (20 events):
Event: 119.383 Executing VM operation: HandshakeOneThread
Event: 119.383 Executing VM operation: HandshakeOneThread done
Event: 119.414 Executing VM operation: HandshakeOneThread
Event: 119.414 Executing VM operation: HandshakeOneThread done
Event: 119.415 Executing VM operation: HandshakeOneThread
Event: 119.415 Executing VM operation: HandshakeOneThread done
Event: 119.418 Thread 0x000001c3203e0000 Thread added: 0x000001c3203e0000
Event: 119.419 Executing VM operation: HandshakeOneThread
Event: 119.419 Executing VM operation: HandshakeOneThread done
Event: 119.419 Executing VM operation: HandshakeOneThread
Event: 119.419 Executing VM operation: HandshakeOneThread done
Event: 119.419 Executing VM operation: HandshakeOneThread
Event: 119.419 Executing VM operation: HandshakeOneThread done
Event: 119.419 Executing VM operation: HandshakeOneThread
Event: 119.419 Executing VM operation: HandshakeOneThread done
Event: 119.422 Thread 0x000001c316fab800 Thread added: 0x000001c316fab800
Event: 119.430 Executing VM operation: ICBufferFull
Event: 119.430 Executing VM operation: ICBufferFull done
Event: 119.436 Executing VM operation: HandshakeOneThread
Event: 119.436 Executing VM operation: HandshakeOneThread done


Dynamic libraries:
0x00007ff69dc20000 - 0x00007ff69dc2f000 	C:\Program Files\Java\jdk-14.0.2\bin\java.exe
0x00007ffc4eb50000 - 0x00007ffc4ed46000 	C:\WINDOWS\SYSTEM32\ntdll.dll
0x00007ffc4ce80000 - 0x00007ffc4cf3d000 	C:\WINDOWS\System32\KERNEL32.DLL
0x00007ffc4c480000 - 0x00007ffc4c748000 	C:\WINDOWS\System32\KERNELBASE.dll
0x00007ffc4c8e0000 - 0x00007ffc4c9e0000 	C:\WINDOWS\System32\ucrtbase.dll
0x00007ffc25d30000 - 0x00007ffc25d45000 	C:\Program Files\Java\jdk-14.0.2\bin\VCRUNTIME140.dll
0x00007ffc25d10000 - 0x00007ffc25d28000 	C:\Program Files\Java\jdk-14.0.2\bin\jli.dll
0x00007ffc4cbc0000 - 0x00007ffc4cc6a000 	C:\WINDOWS\System32\ADVAPI32.dll
0x00007ffc4d360000 - 0x00007ffc4d3fe000 	C:\WINDOWS\System32\msvcrt.dll
0x00007ffc4e3f0000 - 0x00007ffc4e48b000 	C:\WINDOWS\System32\sechost.dll
0x00007ffc4d1a0000 - 0x00007ffc4d2c4000 	C:\WINDOWS\System32\RPCRT4.dll
0x00007ffc4e130000 - 0x00007ffc4e2d0000 	C:\WINDOWS\System32\USER32.dll
0x00007ffc4c750000 - 0x00007ffc4c772000 	C:\WINDOWS\System32\win32u.dll
0x00007ffc383b0000 - 0x00007ffc3864b000 	C:\WINDOWS\WinSxS\amd64_microsoft.windows.common-controls_6595b64144ccf1df_6.0.19041.488_none_ca04af081b815d21\COMCTL32.dll
0x00007ffc4eae0000 - 0x00007ffc4eb0a000 	C:\WINDOWS\System32\GDI32.dll
0x00007ffc4ca10000 - 0x00007ffc4cb19000 	C:\WINDOWS\System32\gdi32full.dll
0x00007ffc4cb20000 - 0x00007ffc4cbbd000 	C:\WINDOWS\System32\msvcp_win.dll
0x00007ffc46900000 - 0x00007ffc4690a000 	C:\WINDOWS\SYSTEM32\VERSION.dll
0x00007ffc4cf70000 - 0x00007ffc4cfa0000 	C:\WINDOWS\System32\IMM32.DLL
0x00007ffc17270000 - 0x00007ffc1730b000 	C:\Program Files\Java\jdk-14.0.2\bin\msvcp140.dll
0x00007ffbfdb30000 - 0x00007ffbfe64e000 	C:\Program Files\Java\jdk-14.0.2\bin\server\jvm.dll
0x00007ffc4d490000 - 0x00007ffc4d498000 	C:\WINDOWS\System32\PSAPI.DLL
0x00007ffc47e70000 - 0x00007ffc47e79000 	C:\WINDOWS\SYSTEM32\WSOCK32.dll
0x00007ffc43500000 - 0x00007ffc43527000 	C:\WINDOWS\SYSTEM32\WINMM.dll
0x00007ffc4d130000 - 0x00007ffc4d19b000 	C:\WINDOWS\System32\WS2_32.dll
0x00007ffc4a210000 - 0x00007ffc4a222000 	C:\WINDOWS\SYSTEM32\kernel.appcore.dll
0x00007ffc28a90000 - 0x00007ffc28a9a000 	C:\Program Files\Java\jdk-14.0.2\bin\jimage.dll
0x00007ffc39110000 - 0x00007ffc392f4000 	C:\WINDOWS\SYSTEM32\DBGHELP.DLL
0x00007ffc38700000 - 0x00007ffc3872c000 	C:\WINDOWS\SYSTEM32\dbgcore.DLL
0x00007ffc4c3a0000 - 0x00007ffc4c41f000 	C:\WINDOWS\System32\bcryptPrimitives.dll
0x00007ffc1b890000 - 0x00007ffc1b8b5000 	C:\Program Files\Java\jdk-14.0.2\bin\java.dll
0x00007ffc17c00000 - 0x00007ffc17c16000 	C:\Program Files\Java\jdk-14.0.2\bin\zip.dll
0x00007ffc4d9f0000 - 0x00007ffc4e130000 	C:\WINDOWS\System32\SHELL32.dll
0x00007ffc4a410000 - 0x00007ffc4aba4000 	C:\WINDOWS\SYSTEM32\windows.storage.dll
0x00007ffc4d580000 - 0x00007ffc4d8d5000 	C:\WINDOWS\System32\combase.dll
0x00007ffc4bd10000 - 0x00007ffc4bd3c000 	C:\WINDOWS\SYSTEM32\Wldp.dll
0x00007ffc4e960000 - 0x00007ffc4ea0e000 	C:\WINDOWS\System32\SHCORE.dll
0x00007ffc4e490000 - 0x00007ffc4e4e5000 	C:\WINDOWS\System32\shlwapi.dll
0x00007ffc4c1d0000 - 0x00007ffc4c1f6000 	C:\WINDOWS\SYSTEM32\profapi.dll
0x00007ffc17be0000 - 0x00007ffc17bf9000 	C:\Program Files\Java\jdk-14.0.2\bin\net.dll
0x00007ffc40800000 - 0x00007ffc40900000 	C:\WINDOWS\SYSTEM32\WINHTTP.dll
0x00007ffc4ba90000 - 0x00007ffc4bafa000 	C:\WINDOWS\system32\mswsock.dll
0x00007ffc17250000 - 0x00007ffc17262000 	C:\Program Files\Java\jdk-14.0.2\bin\nio.dll
0x00007ffc22a40000 - 0x00007ffc22a50000 	C:\Program Files\Java\jdk-14.0.2\bin\verify.dll
0x00007ffc43a40000 - 0x00007ffc43a67000 	C:\Users\andre\.gradle\native\c976cfcca226fdd4bee4412e95191dd41148b7504f9625baeda1d523bc39a967\windows-amd64\native-platform.dll
0x00007ffc1d440000 - 0x00007ffc1d449000 	C:\Program Files\Java\jdk-14.0.2\bin\management.dll
0x00007ffc1a910000 - 0x00007ffc1a91b000 	C:\Program Files\Java\jdk-14.0.2\bin\management_ext.dll
0x00007ffc4bc60000 - 0x00007ffc4bc78000 	C:\WINDOWS\SYSTEM32\CRYPTSP.dll
0x00007ffc4b3b0000 - 0x00007ffc4b3e4000 	C:\WINDOWS\system32\rsaenh.dll
0x00007ffc4c9e0000 - 0x00007ffc4ca07000 	C:\WINDOWS\System32\bcrypt.dll
0x00007ffc4c150000 - 0x00007ffc4c17e000 	C:\WINDOWS\SYSTEM32\USERENV.dll
0x00007ffc4bc80000 - 0x00007ffc4bc8c000 	C:\WINDOWS\SYSTEM32\CRYPTBASE.dll
0x00007ffc4b730000 - 0x00007ffc4b76b000 	C:\WINDOWS\SYSTEM32\IPHLPAPI.DLL
0x00007ffc4d480000 - 0x00007ffc4d489000 	C:\WINDOWS\System32\NSI.dll
0x00007ffc45950000 - 0x00007ffc45967000 	C:\WINDOWS\SYSTEM32\dhcpcsvc6.DLL
0x00007ffc45f50000 - 0x00007ffc45f6d000 	C:\WINDOWS\SYSTEM32\dhcpcsvc.DLL
0x00007ffc4b770000 - 0x00007ffc4b83b000 	C:\WINDOWS\SYSTEM32\DNSAPI.dll
0x00007ffc49bd0000 - 0x00007ffc49bd7000 	C:\Program Files\Java\jdk-14.0.2\bin\rmi.dll

dbghelp: loaded successfully - version: 4.0.5 - missing functions: none
symbol engine: initialized successfully - sym options: 0x614 - pdb path: .;C:\Program Files\Java\jdk-14.0.2\bin;C:\WINDOWS\SYSTEM32;C:\WINDOWS\WinSxS\amd64_microsoft.windows.common-controls_6595b64144ccf1df_6.0.19041.488_none_ca04af081b815d21;C:\Program Files\Java\jdk-14.0.2\bin\server;C:\Users\andre\.gradle\native\c976cfcca226fdd4bee4412e95191dd41148b7504f9625baeda1d523bc39a967\windows-amd64

VM Arguments:
jvm_args: --add-opens=java.base/java.util=ALL-UNNAMED --add-opens=java.base/java.lang=ALL-UNNAMED --add-opens=java.base/java.lang.invoke=ALL-UNNAMED --add-opens=java.prefs/java.util.prefs=ALL-UNNAMED -Xmx1536M -Dfile.encoding=windows-1252 -Duser.country=CO -Duser.language=es -Duser.variant 
java_command: org.gradle.launcher.daemon.bootstrap.GradleDaemon 6.3
java_class_path (initial): C:\Users\andre\.gradle\wrapper\dists\gradle-6.3-all\b4awcolw9l59x95tu1obfh9i8\gradle-6.3\lib\gradle-launcher-6.3.jar
Launcher Type: SUN_STANDARD

[Global flags]
     intx CICompilerCount                          = 3                                         {product} {ergonomic}
     uint ConcGCThreads                            = 2                                         {product} {ergonomic}
     uint G1ConcRefinementThreads                  = 6                                         {product} {ergonomic}
   size_t G1HeapRegionSize                         = 1048576                                   {product} {ergonomic}
    uintx GCDrainStackTargetSize                   = 64                                        {product} {ergonomic}
   size_t InitialHeapSize                          = 134217728                                 {product} {ergonomic}
   size_t MarkStackSize                            = 4194304                                   {product} {ergonomic}
   size_t MaxHeapSize                              = 1610612736                                {product} {command line}
   size_t MaxNewSize                               = 965738496                                 {product} {ergonomic}
   size_t MinHeapDeltaBytes                        = 1048576                                   {product} {ergonomic}
   size_t MinHeapSize                              = 8388608                                   {product} {ergonomic}
    uintx NonNMethodCodeHeapSize                   = 5832780                                {pd product} {ergonomic}
    uintx NonProfiledCodeHeapSize                  = 122912730                              {pd product} {ergonomic}
    uintx ProfiledCodeHeapSize                     = 122912730                              {pd product} {ergonomic}
    uintx ReservedCodeCacheSize                    = 251658240                              {pd product} {ergonomic}
     bool SegmentedCodeCache                       = true                                      {product} {ergonomic}
   size_t SoftMaxHeapSize                          = 1610612736                             {manageable} {ergonomic}
     bool UseCompressedClassPointers               = true                                 {lp64_product} {ergonomic}
     bool UseCompressedOops                        = true                                 {lp64_product} {ergonomic}
     bool UseG1GC                                  = true                                      {product} {ergonomic}
     bool UseLargePagesIndividualAllocation        = false                                  {pd product} {ergonomic}

Logging:
Log output configuration:
 #0: stdout all=warning uptime,level,tags
 #1: stderr all=off uptime,level,tags

Environment Variables:
JAVA_HOME=C:\Program Files\Java\jdk-14.0.2
CLASSPATH=C:\Users\andre\Documents\print_bluetooth_thermal\example\android\\gradle\wrapper\gradle-wrapper.jar
PATH=C:\WINDOWS\system32;C:\WINDOWS;C:\WINDOWS\System32\Wbem;C:\WINDOWS\System32\WindowsPowerShell\v1.0\;C:\WINDOWS\System32\OpenSSH\;C:\src\flutter\bin;C:\Program Files\nodejs\;C:\Users\andre\AppData\Local\Microsoft\WindowsApps;C:\src\flutter\bin;;C:\Users\andre\AppData\Local\Programs\Microsoft VS Code\bin;C:\Users\andre\AppData\Roaming\npm;C:\src\flutter\bin\mingit\cmd
USERNAME=andre
OS=Windows_NT
PROCESSOR_IDENTIFIER=Intel64 Family 6 Model 158 Stepping 12, GenuineIntel



---------------  S Y S T E M  ---------------

OS: Windows 10 , 64 bit Build 19041 (10.0.19041.546)
OS uptime: 7 days 0:48 hours

CPU:total 6 (initial active 6) (6 cores per cpu, 1 threads per core) family 6 model 158 stepping 12, cmov, cx8, fxsr, mmx, sse, sse2, sse3, ssse3, sse4.1, sse4.2, popcnt, avx, avx2, aes, clmul, erms, rtm, 3dnowpref, lzcnt, tsc, tscinvbit, bmi1, bmi2, adx, fma

Memory: 4k page, system-wide physical 8125M (689M free)
TotalPageFile size 32701M (AvailPageFile size 49M)
current process WorkingSet (physical memory assigned to process): 697M, peak: 776M
current process commit charge ("private bytes"): 673M, peak: 684M

vm_info: Java HotSpot(TM) 64-Bit Server VM (14.0.2+12-46) for windows-amd64 JRE (14.0.2+12-46), built on Jul  9 2020 00:35:52 by "mach5one" with MS VC++ 15.9 (VS2017)

END.
